[2022-11-21T15:02:36.467-0400][gc,heap] Heap region size: 1M
[2022-11-21T15:02:36.480-0400][gc     ] Using G1
[2022-11-21T15:02:36.480-0400][gc,heap,coops] Heap address: 0x00000000c0000000, size: 1024 MB, Compressed Oops mode: 32-bit
[2022-11-21T15:02:36.481-0400][gc,cds       ] Mark closed archive regions in map: [0x00000000fff00000, 0x00000000fff6aff8]
[2022-11-21T15:02:36.481-0400][gc,cds       ] Mark open archive regions in map: [0x00000000ffe00000, 0x00000000ffe47ff8]
[2022-11-21T15:02:37.794-0400][gc,start     ] GC(0) Pause Young (Normal) (G1 Evacuation Pause)
[2022-11-21T15:02:37.795-0400][gc,task      ] GC(0) Using 8 workers of 8 for evacuation
[2022-11-21T15:02:37.823-0400][gc,mmu       ] GC(0) MMU target violated: 21.0ms (20.0ms/21.0ms)
[2022-11-21T15:02:37.823-0400][gc,phases    ] GC(0)   Pre Evacuate Collection Set: 0.0ms
[2022-11-21T15:02:37.823-0400][gc,phases    ] GC(0)   Evacuate Collection Set: 27.1ms
[2022-11-21T15:02:37.823-0400][gc,phases    ] GC(0)   Post Evacuate Collection Set: 0.5ms
[2022-11-21T15:02:37.823-0400][gc,phases    ] GC(0)   Other: 1.2ms
[2022-11-21T15:02:37.823-0400][gc,heap      ] GC(0) Eden regions: 51->0(44)
[2022-11-21T15:02:37.823-0400][gc,heap      ] GC(0) Survivor regions: 0->7(7)
[2022-11-21T15:02:37.823-0400][gc,heap      ] GC(0) Old regions: 2->2
[2022-11-21T15:02:37.823-0400][gc,heap      ] GC(0) Humongous regions: 0->0
[2022-11-21T15:02:37.823-0400][gc,metaspace ] GC(0) Metaspace: 15521K(16256K)->15521K(16256K) NonClass: 13570K(14080K)->13570K(14080K) Class: 1951K(2176K)->1951K(2176K)
[2022-11-21T15:02:37.823-0400][gc           ] GC(0) Pause Young (Normal) (G1 Evacuation Pause) 51M->7M(1024M) 28.949ms
[2022-11-21T15:02:37.823-0400][gc,cpu       ] GC(0) User=0.04s Sys=0.00s Real=0.03s
[2022-11-21T15:02:38.956-0400][gc,start     ] GC(1) Pause Young (Concurrent Start) (Metadata GC Threshold)
[2022-11-21T15:02:38.956-0400][gc,task      ] GC(1) Using 8 workers of 8 for evacuation
[2022-11-21T15:02:38.982-0400][gc,mmu       ] GC(1) MMU target violated: 21.0ms (20.0ms/21.0ms)
[2022-11-21T15:02:38.982-0400][gc,phases    ] GC(1)   Pre Evacuate Collection Set: 0.1ms
[2022-11-21T15:02:38.982-0400][gc,phases    ] GC(1)   Evacuate Collection Set: 24.5ms
[2022-11-21T15:02:38.982-0400][gc,phases    ] GC(1)   Post Evacuate Collection Set: 0.4ms
[2022-11-21T15:02:38.982-0400][gc,phases    ] GC(1)   Other: 0.3ms
[2022-11-21T15:02:38.982-0400][gc,heap      ] GC(1) Eden regions: 20->0(50)
[2022-11-21T15:02:38.982-0400][gc,heap      ] GC(1) Survivor regions: 7->1(7)
[2022-11-21T15:02:38.982-0400][gc,heap      ] GC(1) Old regions: 2->9
[2022-11-21T15:02:38.982-0400][gc,heap      ] GC(1) Humongous regions: 0->0
[2022-11-21T15:02:38.982-0400][gc,metaspace ] GC(1) Metaspace: 20549K(21296K)->20549K(21296K) NonClass: 18003K(18432K)->18003K(18432K) Class: 2545K(2864K)->2545K(2864K)
[2022-11-21T15:02:38.982-0400][gc           ] GC(1) Pause Young (Concurrent Start) (Metadata GC Threshold) 27M->8M(1024M) 25.386ms
[2022-11-21T15:02:38.982-0400][gc,cpu       ] GC(1) User=0.05s Sys=0.01s Real=0.03s
[2022-11-21T15:02:38.982-0400][gc           ] GC(2) Concurrent Cycle
[2022-11-21T15:02:38.982-0400][gc,marking   ] GC(2) Concurrent Clear Claimed Marks
[2022-11-21T15:02:38.982-0400][gc,marking   ] GC(2) Concurrent Clear Claimed Marks 0.030ms
[2022-11-21T15:02:38.982-0400][gc,marking   ] GC(2) Concurrent Scan Root Regions
[2022-11-21T15:02:38.983-0400][gc,marking   ] GC(2) Concurrent Scan Root Regions 0.926ms
[2022-11-21T15:02:38.983-0400][gc,marking   ] GC(2) Concurrent Mark (2.538s)
[2022-11-21T15:02:38.983-0400][gc,marking   ] GC(2) Concurrent Mark From Roots
[2022-11-21T15:02:38.986-0400][gc,task      ] GC(2) Using 2 workers of 2 for marking
[2022-11-21T15:02:39.026-0400][gc,marking   ] GC(2) Concurrent Mark From Roots 43.359ms
[2022-11-21T15:02:39.026-0400][gc,marking   ] GC(2) Concurrent Preclean
[2022-11-21T15:02:39.027-0400][gc,marking   ] GC(2) Concurrent Preclean 0.225ms
[2022-11-21T15:02:39.027-0400][gc,marking   ] GC(2) Concurrent Mark (2.538s, 2.582s) 43.829ms
[2022-11-21T15:02:39.046-0400][gc,start     ] GC(2) Pause Remark
[2022-11-21T15:02:39.069-0400][gc,stringtable] GC(2) Cleaned string and symbol table, strings: 5075 processed, 0 removed, symbols: 50292 processed, 45 removed
[2022-11-21T15:02:39.069-0400][gc,mmu        ] GC(2) MMU target violated: 21.0ms (20.0ms/21.0ms)
[2022-11-21T15:02:39.069-0400][gc            ] GC(2) Pause Remark 10M->10M(1024M) 22.774ms
[2022-11-21T15:02:39.069-0400][gc,cpu        ] GC(2) User=0.02s Sys=0.00s Real=0.02s
[2022-11-21T15:02:39.074-0400][gc,marking    ] GC(2) Concurrent Rebuild Remembered Sets
[2022-11-21T15:02:39.080-0400][gc,marking    ] GC(2) Concurrent Rebuild Remembered Sets 5.210ms
[2022-11-21T15:02:39.080-0400][gc,start      ] GC(2) Pause Cleanup
[2022-11-21T15:02:39.080-0400][gc            ] GC(2) Pause Cleanup 10M->10M(1024M) 0.288ms
[2022-11-21T15:02:39.080-0400][gc,cpu        ] GC(2) User=0.00s Sys=0.00s Real=0.00s
[2022-11-21T15:02:39.086-0400][gc,marking    ] GC(2) Concurrent Cleanup for Next Mark
[2022-11-21T15:02:39.093-0400][gc,marking    ] GC(2) Concurrent Cleanup for Next Mark 6.694ms
[2022-11-21T15:02:39.093-0400][gc            ] GC(2) Concurrent Cycle 111.302ms
[2022-11-21T15:02:40.047-0400][gc,start      ] GC(3) Pause Young (Concurrent Start) (G1 Evacuation Pause)
[2022-11-21T15:02:40.047-0400][gc,task       ] GC(3) Using 8 workers of 8 for evacuation
[2022-11-21T15:02:40.058-0400][gc,phases     ] GC(3)   Pre Evacuate Collection Set: 0.1ms
[2022-11-21T15:02:40.058-0400][gc,phases     ] GC(3)   Evacuate Collection Set: 10.4ms
[2022-11-21T15:02:40.058-0400][gc,phases     ] GC(3)   Post Evacuate Collection Set: 0.4ms
[2022-11-21T15:02:40.058-0400][gc,phases     ] GC(3)   Other: 0.2ms
[2022-11-21T15:02:40.058-0400][gc,heap       ] GC(3) Eden regions: 50->0(46)
[2022-11-21T15:02:40.058-0400][gc,heap       ] GC(3) Survivor regions: 1->5(7)
[2022-11-21T15:02:40.058-0400][gc,heap       ] GC(3) Old regions: 9->9
[2022-11-21T15:02:40.058-0400][gc,heap       ] GC(3) Humongous regions: 129->129
[2022-11-21T15:02:40.058-0400][gc,metaspace  ] GC(3) Metaspace: 29616K(30972K)->29616K(30972K) NonClass: 26062K(26880K)->26062K(26880K) Class: 3554K(4092K)->3554K(4092K)
[2022-11-21T15:02:40.058-0400][gc            ] GC(3) Pause Young (Concurrent Start) (G1 Evacuation Pause) 187M->140M(1024M) 11.183ms
[2022-11-21T15:02:40.058-0400][gc,cpu        ] GC(3) User=0.03s Sys=0.00s Real=0.00s
[2022-11-21T15:02:40.058-0400][gc            ] GC(4) Concurrent Cycle
[2022-11-21T15:02:40.058-0400][gc,marking    ] GC(4) Concurrent Clear Claimed Marks
[2022-11-21T15:02:40.058-0400][gc,marking    ] GC(4) Concurrent Clear Claimed Marks 0.029ms
[2022-11-21T15:02:40.058-0400][gc,marking    ] GC(4) Concurrent Scan Root Regions
[2022-11-21T15:02:40.062-0400][gc,marking    ] GC(4) Concurrent Scan Root Regions 3.714ms
[2022-11-21T15:02:40.062-0400][gc,marking    ] GC(4) Concurrent Mark (3.617s)
[2022-11-21T15:02:40.062-0400][gc,marking    ] GC(4) Concurrent Mark From Roots
[2022-11-21T15:02:40.062-0400][gc,task       ] GC(4) Using 2 workers of 2 for marking
[2022-11-21T15:02:40.070-0400][gc,marking    ] GC(4) Concurrent Mark From Roots 8.097ms
[2022-11-21T15:02:40.070-0400][gc,marking    ] GC(4) Concurrent Preclean
[2022-11-21T15:02:40.070-0400][gc,marking    ] GC(4) Concurrent Preclean 0.145ms
[2022-11-21T15:02:40.070-0400][gc,marking    ] GC(4) Concurrent Mark (3.617s, 3.626s) 8.311ms
[2022-11-21T15:02:40.071-0400][gc,start      ] GC(4) Pause Remark
[2022-11-21T15:02:40.077-0400][gc,stringtable] GC(4) Cleaned string and symbol table, strings: 8148 processed, 12 removed, symbols: 67141 processed, 17 removed
[2022-11-21T15:02:40.077-0400][gc            ] GC(4) Pause Remark 141M->141M(1024M) 5.818ms
[2022-11-21T15:02:40.077-0400][gc,cpu        ] GC(4) User=0.02s Sys=0.00s Real=0.00s
[2022-11-21T15:02:40.077-0400][gc,marking    ] GC(4) Concurrent Rebuild Remembered Sets
[2022-11-21T15:02:40.082-0400][gc,marking    ] GC(4) Concurrent Rebuild Remembered Sets 5.168ms
[2022-11-21T15:02:40.082-0400][gc,start      ] GC(4) Pause Cleanup
[2022-11-21T15:02:40.082-0400][gc            ] GC(4) Pause Cleanup 141M->141M(1024M) 0.264ms
[2022-11-21T15:02:40.083-0400][gc,cpu        ] GC(4) User=0.00s Sys=0.00s Real=0.00s
[2022-11-21T15:02:40.083-0400][gc,marking    ] GC(4) Concurrent Cleanup for Next Mark
[2022-11-21T15:02:40.087-0400][gc,marking    ] GC(4) Concurrent Cleanup for Next Mark 4.919ms
[2022-11-21T15:02:40.088-0400][gc            ] GC(4) Concurrent Cycle 29.362ms
[2022-11-21T15:03:20.955-0400][gc,start      ] GC(5) Pause Young (Normal) (G1 Evacuation Pause)
[2022-11-21T15:03:20.955-0400][gc,task       ] GC(5) Using 8 workers of 8 for evacuation
[2022-11-21T15:03:20.964-0400][gc,phases     ] GC(5)   Pre Evacuate Collection Set: 0.0ms
[2022-11-21T15:03:20.964-0400][gc,phases     ] GC(5)   Evacuate Collection Set: 8.5ms
[2022-11-21T15:03:20.964-0400][gc,phases     ] GC(5)   Post Evacuate Collection Set: 0.5ms
[2022-11-21T15:03:20.964-0400][gc,phases     ] GC(5)   Other: 0.3ms
[2022-11-21T15:03:20.964-0400][gc,heap       ] GC(5) Eden regions: 46->0(48)
[2022-11-21T15:03:20.964-0400][gc,heap       ] GC(5) Survivor regions: 5->3(7)
[2022-11-21T15:03:20.964-0400][gc,heap       ] GC(5) Old regions: 9->13
[2022-11-21T15:03:20.964-0400][gc,heap       ] GC(5) Humongous regions: 129->129
[2022-11-21T15:03:20.964-0400][gc,metaspace  ] GC(5) Metaspace: 38918K(41084K)->38918K(41084K) NonClass: 33934K(35072K)->33934K(35072K) Class: 4984K(6012K)->4984K(6012K)
[2022-11-21T15:03:20.964-0400][gc            ] GC(5) Pause Young (Normal) (G1 Evacuation Pause) 186M->143M(1024M) 9.416ms
[2022-11-21T15:03:20.964-0400][gc,cpu        ] GC(5) User=0.03s Sys=0.00s Real=0.01s
