[2022-10-17 16:18:57,400] INFO Reading configuration from: kafka/config/zookeeper1.properties (org.apache.zookeeper.server.quorum.QuorumPeerConfig)
[2022-10-17 16:18:57,401] WARN kafka/config/zookeeper1.properties is relative. Prepend ./ to indicate that you're sure! (org.apache.zookeeper.server.quorum.QuorumPeerConfig)
[2022-10-17 16:18:57,404] INFO clientPortAddress is 0.0.0.0:2181 (org.apache.zookeeper.server.quorum.QuorumPeerConfig)
[2022-10-17 16:18:57,404] INFO secureClientPort is not set (org.apache.zookeeper.server.quorum.QuorumPeerConfig)
[2022-10-17 16:18:57,408] ERROR Invalid configuration, only one server specified (ignoring) (org.apache.zookeeper.server.quorum.QuorumPeerConfig)
[2022-10-17 16:18:57,412] INFO autopurge.snapRetainCount set to 3 (org.apache.zookeeper.server.DatadirCleanupManager)
[2022-10-17 16:18:57,412] INFO autopurge.purgeInterval set to 0 (org.apache.zookeeper.server.DatadirCleanupManager)
[2022-10-17 16:18:57,412] INFO Purge task is not scheduled. (org.apache.zookeeper.server.DatadirCleanupManager)
[2022-10-17 16:18:57,412] WARN Either no config or no quorum defined in config, running  in standalone mode (org.apache.zookeeper.server.quorum.QuorumPeerMain)
[2022-10-17 16:18:57,415] INFO Log4j 1.2 jmx support found and enabled. (org.apache.zookeeper.jmx.ManagedUtil)
[2022-10-17 16:18:57,426] INFO Reading configuration from: kafka/config/zookeeper1.properties (org.apache.zookeeper.server.quorum.QuorumPeerConfig)
[2022-10-17 16:18:57,426] WARN kafka/config/zookeeper1.properties is relative. Prepend ./ to indicate that you're sure! (org.apache.zookeeper.server.quorum.QuorumPeerConfig)
[2022-10-17 16:18:57,426] INFO clientPortAddress is 0.0.0.0:2181 (org.apache.zookeeper.server.quorum.QuorumPeerConfig)
[2022-10-17 16:18:57,426] INFO secureClientPort is not set (org.apache.zookeeper.server.quorum.QuorumPeerConfig)
[2022-10-17 16:18:57,426] ERROR Invalid configuration, only one server specified (ignoring) (org.apache.zookeeper.server.quorum.QuorumPeerConfig)
[2022-10-17 16:18:57,426] INFO Starting server (org.apache.zookeeper.server.ZooKeeperServerMain)
[2022-10-17 16:18:57,428] INFO zookeeper.snapshot.trust.empty : false (org.apache.zookeeper.server.persistence.FileTxnSnapLog)
[2022-10-17 16:18:57,436] INFO Server environment:zookeeper.version=3.5.9-83df9301aa5c2a5d284a9940177808c01bc35cef, built on 01/06/2021 20:03 GMT (org.apache.zookeeper.server.ZooKeeperServer)
[2022-10-17 16:18:57,436] INFO Server environment:host.name=monzurul-CM6870 (org.apache.zookeeper.server.ZooKeeperServer)
[2022-10-17 16:18:57,436] INFO Server environment:java.version=11.0.16 (org.apache.zookeeper.server.ZooKeeperServer)
[2022-10-17 16:18:57,436] INFO Server environment:java.vendor=Ubuntu (org.apache.zookeeper.server.ZooKeeperServer)
[2022-10-17 16:18:57,436] INFO Server environment:java.home=/usr/lib/jvm/java-11-openjdk-amd64 (org.apache.zookeeper.server.ZooKeeperServer)
[2022-10-17 16:18:57,437] INFO Server environment:java.class.path=/home/monzurul/Desktop/stream2gym/kafka/bin/../libs/activation-1.1.1.jar:/home/monzurul/Desktop/stream2gym/kafka/bin/../libs/aopalliance-repackaged-2.6.1.jar:/home/monzurul/Desktop/stream2gym/kafka/bin/../libs/argparse4j-0.7.0.jar:/home/monzurul/Desktop/stream2gym/kafka/bin/../libs/audience-annotations-0.5.0.jar:/home/monzurul/Desktop/stream2gym/kafka/bin/../libs/commons-cli-1.4.jar:/home/monzurul/Desktop/stream2gym/kafka/bin/../libs/commons-lang3-3.8.1.jar:/home/monzurul/Desktop/stream2gym/kafka/bin/../libs/connect-api-2.8.0.jar:/home/monzurul/Desktop/stream2gym/kafka/bin/../libs/connect-basic-auth-extension-2.8.0.jar:/home/monzurul/Desktop/stream2gym/kafka/bin/../libs/connect-file-2.8.0.jar:/home/monzurul/Desktop/stream2gym/kafka/bin/../libs/connect-json-2.8.0.jar:/home/monzurul/Desktop/stream2gym/kafka/bin/../libs/connect-mirror-2.8.0.jar:/home/monzurul/Desktop/stream2gym/kafka/bin/../libs/connect-mirror-client-2.8.0.jar:/home/monzurul/Desktop/stream2gym/kafka/bin/../libs/connect-runtime-2.8.0.jar:/home/monzurul/Desktop/stream2gym/kafka/bin/../libs/connect-transforms-2.8.0.jar:/home/monzurul/Desktop/stream2gym/kafka/bin/../libs/hk2-api-2.6.1.jar:/home/monzurul/Desktop/stream2gym/kafka/bin/../libs/hk2-locator-2.6.1.jar:/home/monzurul/Desktop/stream2gym/kafka/bin/../libs/hk2-utils-2.6.1.jar:/home/monzurul/Desktop/stream2gym/kafka/bin/../libs/jackson-annotations-2.10.5.jar:/home/monzurul/Desktop/stream2gym/kafka/bin/../libs/jackson-core-2.10.5.jar:/home/monzurul/Desktop/stream2gym/kafka/bin/../libs/jackson-databind-2.10.5.1.jar:/home/monzurul/Desktop/stream2gym/kafka/bin/../libs/jackson-dataformat-csv-2.10.5.jar:/home/monzurul/Desktop/stream2gym/kafka/bin/../libs/jackson-datatype-jdk8-2.10.5.jar:/home/monzurul/Desktop/stream2gym/kafka/bin/../libs/jackson-jaxrs-base-2.10.5.jar:/home/monzurul/Desktop/stream2gym/kafka/bin/../libs/jackson-jaxrs-json-provider-2.10.5.jar:/home/monzurul/Desktop/stream2gym/kafka/bin/../libs/jackson-module-jaxb-annotations-2.10.5.jar:/home/monzurul/Desktop/stream2gym/kafka/bin/../libs/jackson-module-paranamer-2.10.5.jar:/home/monzurul/Desktop/stream2gym/kafka/bin/../libs/jackson-module-scala_2.13-2.10.5.jar:/home/monzurul/Desktop/stream2gym/kafka/bin/../libs/jakarta.activation-api-1.2.1.jar:/home/monzurul/Desktop/stream2gym/kafka/bin/../libs/jakarta.annotation-api-1.3.5.jar:/home/monzurul/Desktop/stream2gym/kafka/bin/../libs/jakarta.inject-2.6.1.jar:/home/monzurul/Desktop/stream2gym/kafka/bin/../libs/jakarta.validation-api-2.0.2.jar:/home/monzurul/Desktop/stream2gym/kafka/bin/../libs/jakarta.ws.rs-api-2.1.6.jar:/home/monzurul/Desktop/stream2gym/kafka/bin/../libs/jakarta.xml.bind-api-2.3.2.jar:/home/monzurul/Desktop/stream2gym/kafka/bin/../libs/javassist-3.27.0-GA.jar:/home/monzurul/Desktop/stream2gym/kafka/bin/../libs/javax.servlet-api-3.1.0.jar:/home/monzurul/Desktop/stream2gym/kafka/bin/../libs/javax.ws.rs-api-2.1.1.jar:/home/monzurul/Desktop/stream2gym/kafka/bin/../libs/jaxb-api-2.3.0.jar:/home/monzurul/Desktop/stream2gym/kafka/bin/../libs/jersey-client-2.31.jar:/home/monzurul/Desktop/stream2gym/kafka/bin/../libs/jersey-common-2.31.jar:/home/monzurul/Desktop/stream2gym/kafka/bin/../libs/jersey-container-servlet-2.31.jar:/home/monzurul/Desktop/stream2gym/kafka/bin/../libs/jersey-container-servlet-core-2.31.jar:/home/monzurul/Desktop/stream2gym/kafka/bin/../libs/jersey-hk2-2.31.jar:/home/monzurul/Desktop/stream2gym/kafka/bin/../libs/jersey-media-jaxb-2.31.jar:/home/monzurul/Desktop/stream2gym/kafka/bin/../libs/jersey-server-2.31.jar:/home/monzurul/Desktop/stream2gym/kafka/bin/../libs/jetty-client-9.4.39.v20210325.jar:/home/monzurul/Desktop/stream2gym/kafka/bin/../libs/jetty-continuation-9.4.39.v20210325.jar:/home/monzurul/Desktop/stream2gym/kafka/bin/../libs/jetty-http-9.4.39.v20210325.jar:/home/monzurul/Desktop/stream2gym/kafka/bin/../libs/jetty-io-9.4.39.v20210325.jar:/home/monzurul/Desktop/stream2gym/kafka/bin/../libs/jetty-security-9.4.39.v20210325.jar:/home/monzurul/Desktop/stream2gym/kafka/bin/../libs/jetty-server-9.4.39.v20210325.jar:/home/monzurul/Desktop/stream2gym/kafka/bin/../libs/jetty-servlet-9.4.39.v20210325.jar:/home/monzurul/Desktop/stream2gym/kafka/bin/../libs/jetty-servlets-9.4.39.v20210325.jar:/home/monzurul/Desktop/stream2gym/kafka/bin/../libs/jetty-util-9.4.39.v20210325.jar:/home/monzurul/Desktop/stream2gym/kafka/bin/../libs/jetty-util-ajax-9.4.39.v20210325.jar:/home/monzurul/Desktop/stream2gym/kafka/bin/../libs/jline-3.12.1.jar:/home/monzurul/Desktop/stream2gym/kafka/bin/../libs/jopt-simple-5.0.4.jar:/home/monzurul/Desktop/stream2gym/kafka/bin/../libs/kafka_2.13-2.8.0.jar:/home/monzurul/Desktop/stream2gym/kafka/bin/../libs/kafka_2.13-2.8.0-sources.jar:/home/monzurul/Desktop/stream2gym/kafka/bin/../libs/kafka-clients-2.8.0.jar:/home/monzurul/Desktop/stream2gym/kafka/bin/../libs/kafka-log4j-appender-2.8.0.jar:/home/monzurul/Desktop/stream2gym/kafka/bin/../libs/kafka-metadata-2.8.0.jar:/home/monzurul/Desktop/stream2gym/kafka/bin/../libs/kafka-raft-2.8.0.jar:/home/monzurul/Desktop/stream2gym/kafka/bin/../libs/kafka-shell-2.8.0.jar:/home/monzurul/Desktop/stream2gym/kafka/bin/../libs/kafka-streams-2.8.0.jar:/home/monzurul/Desktop/stream2gym/kafka/bin/../libs/kafka-streams-examples-2.8.0.jar:/home/monzurul/Desktop/stream2gym/kafka/bin/../libs/kafka-streams-scala_2.13-2.8.0.jar:/home/monzurul/Desktop/stream2gym/kafka/bin/../libs/kafka-streams-test-utils-2.8.0.jar:/home/monzurul/Desktop/stream2gym/kafka/bin/../libs/kafka-tools-2.8.0.jar:/home/monzurul/Desktop/stream2gym/kafka/bin/../libs/log4j-1.2.17.jar:/home/monzurul/Desktop/stream2gym/kafka/bin/../libs/lz4-java-1.7.1.jar:/home/monzurul/Desktop/stream2gym/kafka/bin/../libs/maven-artifact-3.6.3.jar:/home/monzurul/Desktop/stream2gym/kafka/bin/../libs/metrics-core-2.2.0.jar:/home/monzurul/Desktop/stream2gym/kafka/bin/../libs/netty-buffer-4.1.62.Final.jar:/home/monzurul/Desktop/stream2gym/kafka/bin/../libs/netty-codec-4.1.62.Final.jar:/home/monzurul/Desktop/stream2gym/kafka/bin/../libs/netty-common-4.1.62.Final.jar:/home/monzurul/Desktop/stream2gym/kafka/bin/../libs/netty-handler-4.1.62.Final.jar:/home/monzurul/Desktop/stream2gym/kafka/bin/../libs/netty-resolver-4.1.62.Final.jar:/home/monzurul/Desktop/stream2gym/kafka/bin/../libs/netty-transport-4.1.62.Final.jar:/home/monzurul/Desktop/stream2gym/kafka/bin/../libs/netty-transport-native-epoll-4.1.62.Final.jar:/home/monzurul/Desktop/stream2gym/kafka/bin/../libs/netty-transport-native-unix-common-4.1.62.Final.jar:/home/monzurul/Desktop/stream2gym/kafka/bin/../libs/osgi-resource-locator-1.0.3.jar:/home/monzurul/Desktop/stream2gym/kafka/bin/../libs/paranamer-2.8.jar:/home/monzurul/Desktop/stream2gym/kafka/bin/../libs/plexus-utils-3.2.1.jar:/home/monzurul/Desktop/stream2gym/kafka/bin/../libs/reflections-0.9.12.jar:/home/monzurul/Desktop/stream2gym/kafka/bin/../libs/rocksdbjni-5.18.4.jar:/home/monzurul/Desktop/stream2gym/kafka/bin/../libs/scala-collection-compat_2.13-2.3.0.jar:/home/monzurul/Desktop/stream2gym/kafka/bin/../libs/scala-java8-compat_2.13-0.9.1.jar:/home/monzurul/Desktop/stream2gym/kafka/bin/../libs/scala-library-2.13.5.jar:/home/monzurul/Desktop/stream2gym/kafka/bin/../libs/scala-logging_2.13-3.9.2.jar:/home/monzurul/Desktop/stream2gym/kafka/bin/../libs/scala-reflect-2.13.5.jar:/home/monzurul/Desktop/stream2gym/kafka/bin/../libs/slf4j-api-1.7.30.jar:/home/monzurul/Desktop/stream2gym/kafka/bin/../libs/slf4j-log4j12-1.7.30.jar:/home/monzurul/Desktop/stream2gym/kafka/bin/../libs/snappy-java-1.1.8.1.jar:/home/monzurul/Desktop/stream2gym/kafka/bin/../libs/zookeeper-3.5.9.jar:/home/monzurul/Desktop/stream2gym/kafka/bin/../libs/zookeeper-jute-3.5.9.jar:/home/monzurul/Desktop/stream2gym/kafka/bin/../libs/zstd-jni-1.4.9-1.jar (org.apache.zookeeper.server.ZooKeeperServer)
[2022-10-17 16:18:57,437] INFO Server environment:java.library.path=/usr/java/packages/lib:/usr/lib/x86_64-linux-gnu/jni:/lib/x86_64-linux-gnu:/usr/lib/x86_64-linux-gnu:/usr/lib/jni:/lib:/usr/lib (org.apache.zookeeper.server.ZooKeeperServer)
[2022-10-17 16:18:57,437] INFO Server environment:java.io.tmpdir=/tmp (org.apache.zookeeper.server.ZooKeeperServer)
[2022-10-17 16:18:57,437] INFO Server environment:java.compiler=<NA> (org.apache.zookeeper.server.ZooKeeperServer)
[2022-10-17 16:18:57,437] INFO Server environment:os.name=Linux (org.apache.zookeeper.server.ZooKeeperServer)
[2022-10-17 16:18:57,437] INFO Server environment:os.arch=amd64 (org.apache.zookeeper.server.ZooKeeperServer)
[2022-10-17 16:18:57,437] INFO Server environment:os.version=5.15.0-48-generic (org.apache.zookeeper.server.ZooKeeperServer)
[2022-10-17 16:18:57,437] INFO Server environment:user.name=root (org.apache.zookeeper.server.ZooKeeperServer)
[2022-10-17 16:18:57,437] INFO Server environment:user.home=/root (org.apache.zookeeper.server.ZooKeeperServer)
[2022-10-17 16:18:57,437] INFO Server environment:user.dir=/home/monzurul/Desktop/stream2gym (org.apache.zookeeper.server.ZooKeeperServer)
[2022-10-17 16:18:57,437] INFO Server environment:os.memory.free=493MB (org.apache.zookeeper.server.ZooKeeperServer)
[2022-10-17 16:18:57,437] INFO Server environment:os.memory.max=512MB (org.apache.zookeeper.server.ZooKeeperServer)
[2022-10-17 16:18:57,437] INFO Server environment:os.memory.total=512MB (org.apache.zookeeper.server.ZooKeeperServer)
[2022-10-17 16:18:57,438] INFO minSessionTimeout set to 4000 (org.apache.zookeeper.server.ZooKeeperServer)
[2022-10-17 16:18:57,439] INFO maxSessionTimeout set to 40000 (org.apache.zookeeper.server.ZooKeeperServer)
[2022-10-17 16:18:57,439] INFO Created server with tickTime 2000 minSessionTimeout 4000 maxSessionTimeout 40000 datadir ./kafka/zookeeper1/logs/version-2 snapdir ./kafka/zookeeper1/data/version-2 (org.apache.zookeeper.server.ZooKeeperServer)
[2022-10-17 16:18:57,445] INFO Using org.apache.zookeeper.server.NIOServerCnxnFactory as server connection factory (org.apache.zookeeper.server.ServerCnxnFactory)
[2022-10-17 16:18:57,447] INFO Configuring NIO connection handler with 10s sessionless connection timeout, 2 selector thread(s), 16 worker threads, and 64 kB direct buffers. (org.apache.zookeeper.server.NIOServerCnxnFactory)
[2022-10-17 16:18:57,451] INFO binding to port 0.0.0.0/0.0.0.0:2181 (org.apache.zookeeper.server.NIOServerCnxnFactory)
[2022-10-17 16:18:57,463] INFO zookeeper.snapshotSizeFactor = 0.33 (org.apache.zookeeper.server.ZKDatabase)
[2022-10-17 16:18:57,466] INFO Snapshotting: 0x0 to ./kafka/zookeeper1/data/version-2/snapshot.0 (org.apache.zookeeper.server.persistence.FileTxnSnapLog)
[2022-10-17 16:18:57,468] INFO Snapshotting: 0x0 to ./kafka/zookeeper1/data/version-2/snapshot.0 (org.apache.zookeeper.server.persistence.FileTxnSnapLog)
[2022-10-17 16:18:57,476] INFO PrepRequestProcessor (sid:0) started, reconfigEnabled=false (org.apache.zookeeper.server.PrepRequestProcessor)
[2022-10-17 16:18:57,483] INFO Using checkIntervalMs=60000 maxPerMinute=10000 (org.apache.zookeeper.server.ContainerManager)
[2022-10-17 16:18:57,499] WARN Unable to read additional data from client sessionid 0x0, likely client has closed socket (org.apache.zookeeper.server.NIOServerCnxn)
[2022-10-17 16:18:58,294] INFO Registered kafka:type=kafka.Log4jController MBean (kafka.utils.Log4jControllerRegistration$)
[2022-10-17 16:18:58,588] INFO Setting -D jdk.tls.rejectClientInitiatedRenegotiation=true to disable client-initiated TLS renegotiation (org.apache.zookeeper.common.X509Util)
[2022-10-17 16:18:58,683] INFO Registered signal handlers for TERM, INT, HUP (org.apache.kafka.common.utils.LoggingSignalHandler)
[2022-10-17 16:18:58,687] INFO starting (kafka.server.KafkaServer)
[2022-10-17 16:18:58,688] INFO Connecting to zookeeper on 10.0.0.1:2181 (kafka.server.KafkaServer)
[2022-10-17 16:18:58,708] INFO [ZooKeeperClient Kafka server] Initializing a new session to 10.0.0.1:2181. (kafka.zookeeper.ZooKeeperClient)
[2022-10-17 16:18:58,714] INFO Client environment:zookeeper.version=3.5.9-83df9301aa5c2a5d284a9940177808c01bc35cef, built on 01/06/2021 20:03 GMT (org.apache.zookeeper.ZooKeeper)
[2022-10-17 16:18:58,714] INFO Client environment:host.name=monzurul-CM6870 (org.apache.zookeeper.ZooKeeper)
[2022-10-17 16:18:58,714] INFO Client environment:java.version=11.0.16 (org.apache.zookeeper.ZooKeeper)
[2022-10-17 16:18:58,714] INFO Client environment:java.vendor=Ubuntu (org.apache.zookeeper.ZooKeeper)
[2022-10-17 16:18:58,714] INFO Client environment:java.home=/usr/lib/jvm/java-11-openjdk-amd64 (org.apache.zookeeper.ZooKeeper)
[2022-10-17 16:18:58,715] INFO Client environment:java.class.path=/home/monzurul/Desktop/stream2gym/kafka/bin/../libs/activation-1.1.1.jar:/home/monzurul/Desktop/stream2gym/kafka/bin/../libs/aopalliance-repackaged-2.6.1.jar:/home/monzurul/Desktop/stream2gym/kafka/bin/../libs/argparse4j-0.7.0.jar:/home/monzurul/Desktop/stream2gym/kafka/bin/../libs/audience-annotations-0.5.0.jar:/home/monzurul/Desktop/stream2gym/kafka/bin/../libs/commons-cli-1.4.jar:/home/monzurul/Desktop/stream2gym/kafka/bin/../libs/commons-lang3-3.8.1.jar:/home/monzurul/Desktop/stream2gym/kafka/bin/../libs/connect-api-2.8.0.jar:/home/monzurul/Desktop/stream2gym/kafka/bin/../libs/connect-basic-auth-extension-2.8.0.jar:/home/monzurul/Desktop/stream2gym/kafka/bin/../libs/connect-file-2.8.0.jar:/home/monzurul/Desktop/stream2gym/kafka/bin/../libs/connect-json-2.8.0.jar:/home/monzurul/Desktop/stream2gym/kafka/bin/../libs/connect-mirror-2.8.0.jar:/home/monzurul/Desktop/stream2gym/kafka/bin/../libs/connect-mirror-client-2.8.0.jar:/home/monzurul/Desktop/stream2gym/kafka/bin/../libs/connect-runtime-2.8.0.jar:/home/monzurul/Desktop/stream2gym/kafka/bin/../libs/connect-transforms-2.8.0.jar:/home/monzurul/Desktop/stream2gym/kafka/bin/../libs/hk2-api-2.6.1.jar:/home/monzurul/Desktop/stream2gym/kafka/bin/../libs/hk2-locator-2.6.1.jar:/home/monzurul/Desktop/stream2gym/kafka/bin/../libs/hk2-utils-2.6.1.jar:/home/monzurul/Desktop/stream2gym/kafka/bin/../libs/jackson-annotations-2.10.5.jar:/home/monzurul/Desktop/stream2gym/kafka/bin/../libs/jackson-core-2.10.5.jar:/home/monzurul/Desktop/stream2gym/kafka/bin/../libs/jackson-databind-2.10.5.1.jar:/home/monzurul/Desktop/stream2gym/kafka/bin/../libs/jackson-dataformat-csv-2.10.5.jar:/home/monzurul/Desktop/stream2gym/kafka/bin/../libs/jackson-datatype-jdk8-2.10.5.jar:/home/monzurul/Desktop/stream2gym/kafka/bin/../libs/jackson-jaxrs-base-2.10.5.jar:/home/monzurul/Desktop/stream2gym/kafka/bin/../libs/jackson-jaxrs-json-provider-2.10.5.jar:/home/monzurul/Desktop/stream2gym/kafka/bin/../libs/jackson-module-jaxb-annotations-2.10.5.jar:/home/monzurul/Desktop/stream2gym/kafka/bin/../libs/jackson-module-paranamer-2.10.5.jar:/home/monzurul/Desktop/stream2gym/kafka/bin/../libs/jackson-module-scala_2.13-2.10.5.jar:/home/monzurul/Desktop/stream2gym/kafka/bin/../libs/jakarta.activation-api-1.2.1.jar:/home/monzurul/Desktop/stream2gym/kafka/bin/../libs/jakarta.annotation-api-1.3.5.jar:/home/monzurul/Desktop/stream2gym/kafka/bin/../libs/jakarta.inject-2.6.1.jar:/home/monzurul/Desktop/stream2gym/kafka/bin/../libs/jakarta.validation-api-2.0.2.jar:/home/monzurul/Desktop/stream2gym/kafka/bin/../libs/jakarta.ws.rs-api-2.1.6.jar:/home/monzurul/Desktop/stream2gym/kafka/bin/../libs/jakarta.xml.bind-api-2.3.2.jar:/home/monzurul/Desktop/stream2gym/kafka/bin/../libs/javassist-3.27.0-GA.jar:/home/monzurul/Desktop/stream2gym/kafka/bin/../libs/javax.servlet-api-3.1.0.jar:/home/monzurul/Desktop/stream2gym/kafka/bin/../libs/javax.ws.rs-api-2.1.1.jar:/home/monzurul/Desktop/stream2gym/kafka/bin/../libs/jaxb-api-2.3.0.jar:/home/monzurul/Desktop/stream2gym/kafka/bin/../libs/jersey-client-2.31.jar:/home/monzurul/Desktop/stream2gym/kafka/bin/../libs/jersey-common-2.31.jar:/home/monzurul/Desktop/stream2gym/kafka/bin/../libs/jersey-container-servlet-2.31.jar:/home/monzurul/Desktop/stream2gym/kafka/bin/../libs/jersey-container-servlet-core-2.31.jar:/home/monzurul/Desktop/stream2gym/kafka/bin/../libs/jersey-hk2-2.31.jar:/home/monzurul/Desktop/stream2gym/kafka/bin/../libs/jersey-media-jaxb-2.31.jar:/home/monzurul/Desktop/stream2gym/kafka/bin/../libs/jersey-server-2.31.jar:/home/monzurul/Desktop/stream2gym/kafka/bin/../libs/jetty-client-9.4.39.v20210325.jar:/home/monzurul/Desktop/stream2gym/kafka/bin/../libs/jetty-continuation-9.4.39.v20210325.jar:/home/monzurul/Desktop/stream2gym/kafka/bin/../libs/jetty-http-9.4.39.v20210325.jar:/home/monzurul/Desktop/stream2gym/kafka/bin/../libs/jetty-io-9.4.39.v20210325.jar:/home/monzurul/Desktop/stream2gym/kafka/bin/../libs/jetty-security-9.4.39.v20210325.jar:/home/monzurul/Desktop/stream2gym/kafka/bin/../libs/jetty-server-9.4.39.v20210325.jar:/home/monzurul/Desktop/stream2gym/kafka/bin/../libs/jetty-servlet-9.4.39.v20210325.jar:/home/monzurul/Desktop/stream2gym/kafka/bin/../libs/jetty-servlets-9.4.39.v20210325.jar:/home/monzurul/Desktop/stream2gym/kafka/bin/../libs/jetty-util-9.4.39.v20210325.jar:/home/monzurul/Desktop/stream2gym/kafka/bin/../libs/jetty-util-ajax-9.4.39.v20210325.jar:/home/monzurul/Desktop/stream2gym/kafka/bin/../libs/jline-3.12.1.jar:/home/monzurul/Desktop/stream2gym/kafka/bin/../libs/jopt-simple-5.0.4.jar:/home/monzurul/Desktop/stream2gym/kafka/bin/../libs/kafka_2.13-2.8.0.jar:/home/monzurul/Desktop/stream2gym/kafka/bin/../libs/kafka_2.13-2.8.0-sources.jar:/home/monzurul/Desktop/stream2gym/kafka/bin/../libs/kafka-clients-2.8.0.jar:/home/monzurul/Desktop/stream2gym/kafka/bin/../libs/kafka-log4j-appender-2.8.0.jar:/home/monzurul/Desktop/stream2gym/kafka/bin/../libs/kafka-metadata-2.8.0.jar:/home/monzurul/Desktop/stream2gym/kafka/bin/../libs/kafka-raft-2.8.0.jar:/home/monzurul/Desktop/stream2gym/kafka/bin/../libs/kafka-shell-2.8.0.jar:/home/monzurul/Desktop/stream2gym/kafka/bin/../libs/kafka-streams-2.8.0.jar:/home/monzurul/Desktop/stream2gym/kafka/bin/../libs/kafka-streams-examples-2.8.0.jar:/home/monzurul/Desktop/stream2gym/kafka/bin/../libs/kafka-streams-scala_2.13-2.8.0.jar:/home/monzurul/Desktop/stream2gym/kafka/bin/../libs/kafka-streams-test-utils-2.8.0.jar:/home/monzurul/Desktop/stream2gym/kafka/bin/../libs/kafka-tools-2.8.0.jar:/home/monzurul/Desktop/stream2gym/kafka/bin/../libs/log4j-1.2.17.jar:/home/monzurul/Desktop/stream2gym/kafka/bin/../libs/lz4-java-1.7.1.jar:/home/monzurul/Desktop/stream2gym/kafka/bin/../libs/maven-artifact-3.6.3.jar:/home/monzurul/Desktop/stream2gym/kafka/bin/../libs/metrics-core-2.2.0.jar:/home/monzurul/Desktop/stream2gym/kafka/bin/../libs/netty-buffer-4.1.62.Final.jar:/home/monzurul/Desktop/stream2gym/kafka/bin/../libs/netty-codec-4.1.62.Final.jar:/home/monzurul/Desktop/stream2gym/kafka/bin/../libs/netty-common-4.1.62.Final.jar:/home/monzurul/Desktop/stream2gym/kafka/bin/../libs/netty-handler-4.1.62.Final.jar:/home/monzurul/Desktop/stream2gym/kafka/bin/../libs/netty-resolver-4.1.62.Final.jar:/home/monzurul/Desktop/stream2gym/kafka/bin/../libs/netty-transport-4.1.62.Final.jar:/home/monzurul/Desktop/stream2gym/kafka/bin/../libs/netty-transport-native-epoll-4.1.62.Final.jar:/home/monzurul/Desktop/stream2gym/kafka/bin/../libs/netty-transport-native-unix-common-4.1.62.Final.jar:/home/monzurul/Desktop/stream2gym/kafka/bin/../libs/osgi-resource-locator-1.0.3.jar:/home/monzurul/Desktop/stream2gym/kafka/bin/../libs/paranamer-2.8.jar:/home/monzurul/Desktop/stream2gym/kafka/bin/../libs/plexus-utils-3.2.1.jar:/home/monzurul/Desktop/stream2gym/kafka/bin/../libs/reflections-0.9.12.jar:/home/monzurul/Desktop/stream2gym/kafka/bin/../libs/rocksdbjni-5.18.4.jar:/home/monzurul/Desktop/stream2gym/kafka/bin/../libs/scala-collection-compat_2.13-2.3.0.jar:/home/monzurul/Desktop/stream2gym/kafka/bin/../libs/scala-java8-compat_2.13-0.9.1.jar:/home/monzurul/Desktop/stream2gym/kafka/bin/../libs/scala-library-2.13.5.jar:/home/monzurul/Desktop/stream2gym/kafka/bin/../libs/scala-logging_2.13-3.9.2.jar:/home/monzurul/Desktop/stream2gym/kafka/bin/../libs/scala-reflect-2.13.5.jar:/home/monzurul/Desktop/stream2gym/kafka/bin/../libs/slf4j-api-1.7.30.jar:/home/monzurul/Desktop/stream2gym/kafka/bin/../libs/slf4j-log4j12-1.7.30.jar:/home/monzurul/Desktop/stream2gym/kafka/bin/../libs/snappy-java-1.1.8.1.jar:/home/monzurul/Desktop/stream2gym/kafka/bin/../libs/zookeeper-3.5.9.jar:/home/monzurul/Desktop/stream2gym/kafka/bin/../libs/zookeeper-jute-3.5.9.jar:/home/monzurul/Desktop/stream2gym/kafka/bin/../libs/zstd-jni-1.4.9-1.jar (org.apache.zookeeper.ZooKeeper)
[2022-10-17 16:18:58,715] INFO Client environment:java.library.path=/usr/java/packages/lib:/usr/lib/x86_64-linux-gnu/jni:/lib/x86_64-linux-gnu:/usr/lib/x86_64-linux-gnu:/usr/lib/jni:/lib:/usr/lib (org.apache.zookeeper.ZooKeeper)
[2022-10-17 16:18:58,715] INFO Client environment:java.io.tmpdir=/tmp (org.apache.zookeeper.ZooKeeper)
[2022-10-17 16:18:58,715] INFO Client environment:java.compiler=<NA> (org.apache.zookeeper.ZooKeeper)
[2022-10-17 16:18:58,715] INFO Client environment:os.name=Linux (org.apache.zookeeper.ZooKeeper)
[2022-10-17 16:18:58,715] INFO Client environment:os.arch=amd64 (org.apache.zookeeper.ZooKeeper)
[2022-10-17 16:18:58,715] INFO Client environment:os.version=5.15.0-48-generic (org.apache.zookeeper.ZooKeeper)
[2022-10-17 16:18:58,715] INFO Client environment:user.name=root (org.apache.zookeeper.ZooKeeper)
[2022-10-17 16:18:58,715] INFO Client environment:user.home=/root (org.apache.zookeeper.ZooKeeper)
[2022-10-17 16:18:58,715] INFO Client environment:user.dir=/home/monzurul/Desktop/stream2gym (org.apache.zookeeper.ZooKeeper)
[2022-10-17 16:18:58,716] INFO Client environment:os.memory.free=975MB (org.apache.zookeeper.ZooKeeper)
[2022-10-17 16:18:58,716] INFO Client environment:os.memory.max=1024MB (org.apache.zookeeper.ZooKeeper)
[2022-10-17 16:18:58,716] INFO Client environment:os.memory.total=1024MB (org.apache.zookeeper.ZooKeeper)
[2022-10-17 16:18:58,718] INFO Initiating client connection, connectString=10.0.0.1:2181 sessionTimeout=18000 watcher=kafka.zookeeper.ZooKeeperClient$ZooKeeperClientWatcher$@295cf707 (org.apache.zookeeper.ZooKeeper)
[2022-10-17 16:18:58,724] INFO jute.maxbuffer value is 4194304 Bytes (org.apache.zookeeper.ClientCnxnSocket)
[2022-10-17 16:18:58,731] INFO zookeeper.request.timeout value is 0. feature enabled= (org.apache.zookeeper.ClientCnxn)
[2022-10-17 16:18:58,733] INFO [ZooKeeperClient Kafka server] Waiting until connected. (kafka.zookeeper.ZooKeeperClient)
[2022-10-17 16:18:58,737] INFO Opening socket connection to server 10.0.0.1/10.0.0.1:2181. Will not attempt to authenticate using SASL (unknown error) (org.apache.zookeeper.ClientCnxn)
[2022-10-17 16:18:58,742] INFO Socket connection established, initiating session, client: /10.0.0.1:44624, server: 10.0.0.1/10.0.0.1:2181 (org.apache.zookeeper.ClientCnxn)
[2022-10-17 16:18:58,750] INFO Creating new log file: log.1 (org.apache.zookeeper.server.persistence.FileTxnLog)
[2022-10-17 16:18:58,798] INFO Session establishment complete on server 10.0.0.1/10.0.0.1:2181, sessionid = 0x100336c671a0000, negotiated timeout = 18000 (org.apache.zookeeper.ClientCnxn)
[2022-10-17 16:18:58,802] INFO [ZooKeeperClient Kafka server] Connected. (kafka.zookeeper.ZooKeeperClient)
[2022-10-17 16:18:59,339] INFO [feature-zk-node-event-process-thread]: Starting (kafka.server.FinalizedFeatureChangeListener$ChangeNotificationProcessorThread)
[2022-10-17 16:18:59,350] INFO Feature ZK node at path: /feature does not exist (kafka.server.FinalizedFeatureChangeListener)
[2022-10-17 16:18:59,351] INFO Cleared cache (kafka.server.FinalizedFeatureCache)
[2022-10-17 16:18:59,538] INFO Cluster ID = cS01tGSkQRO5z7k97fKWWw (kafka.server.KafkaServer)
[2022-10-17 16:18:59,541] WARN No meta.properties file under dir /home/monzurul/Desktop/stream2gym/./kafka/kafka1/meta.properties (kafka.server.BrokerMetadataCheckpoint)
[2022-10-17 16:18:59,585] INFO KafkaConfig values: 
	advertised.host.name = null
	advertised.listeners = PLAINTEXT://10.0.0.1:9092
	advertised.port = null
	alter.config.policy.class.name = null
	alter.log.dirs.replication.quota.window.num = 11
	alter.log.dirs.replication.quota.window.size.seconds = 1
	authorizer.class.name = 
	auto.create.topics.enable = true
	auto.leader.rebalance.enable = true
	background.threads = 10
	broker.heartbeat.interval.ms = 2000
	broker.id = 1
	broker.id.generation.enable = true
	broker.rack = null
	broker.session.timeout.ms = 9000
	client.quota.callback.class = null
	compression.type = producer
	connection.failed.authentication.delay.ms = 100
	connections.max.idle.ms = 600000
	connections.max.reauth.ms = 0
	control.plane.listener.name = null
	controlled.shutdown.enable = true
	controlled.shutdown.max.retries = 3
	controlled.shutdown.retry.backoff.ms = 5000
	controller.listener.names = null
	controller.quorum.append.linger.ms = 25
	controller.quorum.election.backoff.max.ms = 1000
	controller.quorum.election.timeout.ms = 1000
	controller.quorum.fetch.timeout.ms = 2000
	controller.quorum.request.timeout.ms = 2000
	controller.quorum.retry.backoff.ms = 20
	controller.quorum.voters = []
	controller.quota.window.num = 11
	controller.quota.window.size.seconds = 1
	controller.socket.timeout.ms = 30000
	create.topic.policy.class.name = null
	default.replication.factor = 1
	delegation.token.expiry.check.interval.ms = 3600000
	delegation.token.expiry.time.ms = 86400000
	delegation.token.master.key = null
	delegation.token.max.lifetime.ms = 604800000
	delegation.token.secret.key = null
	delete.records.purgatory.purge.interval.requests = 1
	delete.topic.enable = true
	fetch.max.bytes = 57671680
	fetch.purgatory.purge.interval.requests = 1000
	group.initial.rebalance.delay.ms = 0
	group.max.session.timeout.ms = 1800000
	group.max.size = 2147483647
	group.min.session.timeout.ms = 6000
	host.name = 
	initial.broker.registration.timeout.ms = 60000
	inter.broker.listener.name = null
	inter.broker.protocol.version = 2.8-IV1
	kafka.metrics.polling.interval.secs = 10
	kafka.metrics.reporters = []
	leader.imbalance.check.interval.seconds = 300
	leader.imbalance.per.broker.percentage = 10
	listener.security.protocol.map = PLAINTEXT:PLAINTEXT,SSL:SSL,SASL_PLAINTEXT:SASL_PLAINTEXT,SASL_SSL:SASL_SSL
	listeners = null
	log.cleaner.backoff.ms = 15000
	log.cleaner.dedupe.buffer.size = 134217728
	log.cleaner.delete.retention.ms = 86400000
	log.cleaner.enable = true
	log.cleaner.io.buffer.load.factor = 0.9
	log.cleaner.io.buffer.size = 524288
	log.cleaner.io.max.bytes.per.second = 1.7976931348623157E308
	log.cleaner.max.compaction.lag.ms = 9223372036854775807
	log.cleaner.min.cleanable.ratio = 0.5
	log.cleaner.min.compaction.lag.ms = 0
	log.cleaner.threads = 1
	log.cleanup.policy = [delete]
	log.dir = /tmp/kafka-logs
	log.dirs = ./kafka/kafka1
	log.flush.interval.messages = 9223372036854775807
	log.flush.interval.ms = null
	log.flush.offset.checkpoint.interval.ms = 60000
	log.flush.scheduler.interval.ms = 9223372036854775807
	log.flush.start.offset.checkpoint.interval.ms = 60000
	log.index.interval.bytes = 4096
	log.index.size.max.bytes = 10485760
	log.message.downconversion.enable = true
	log.message.format.version = 2.8-IV1
	log.message.timestamp.difference.max.ms = 9223372036854775807
	log.message.timestamp.type = CreateTime
	log.preallocate = false
	log.retention.bytes = -1
	log.retention.check.interval.ms = 300000
	log.retention.hours = 168
	log.retention.minutes = null
	log.retention.ms = null
	log.roll.hours = 168
	log.roll.jitter.hours = 0
	log.roll.jitter.ms = null
	log.roll.ms = null
	log.segment.bytes = 1073741824
	log.segment.delete.delay.ms = 60000
	max.connection.creation.rate = 2147483647
	max.connections = 2147483647
	max.connections.per.ip = 2147483647
	max.connections.per.ip.overrides = 
	max.incremental.fetch.session.cache.slots = 1000
	message.max.bytes = 1048588
	metadata.log.dir = null
	metric.reporters = []
	metrics.num.samples = 2
	metrics.recording.level = INFO
	metrics.sample.window.ms = 30000
	min.insync.replicas = 1
	node.id = -1
	num.io.threads = 8
	num.network.threads = 3
	num.partitions = 1
	num.recovery.threads.per.data.dir = 1
	num.replica.alter.log.dirs.threads = null
	num.replica.fetchers = 1
	offset.metadata.max.bytes = 4096
	offsets.commit.required.acks = -1
	offsets.commit.timeout.ms = 5000
	offsets.load.buffer.size = 5242880
	offsets.retention.check.interval.ms = 600000
	offsets.retention.minutes = 10080
	offsets.topic.compression.codec = 0
	offsets.topic.num.partitions = 50
	offsets.topic.replication.factor = 1
	offsets.topic.segment.bytes = 104857600
	password.encoder.cipher.algorithm = AES/CBC/PKCS5Padding
	password.encoder.iterations = 4096
	password.encoder.key.length = 128
	password.encoder.keyfactory.algorithm = null
	password.encoder.old.secret = null
	password.encoder.secret = null
	port = 9092
	principal.builder.class = null
	process.roles = []
	producer.purgatory.purge.interval.requests = 1000
	queued.max.request.bytes = -1
	queued.max.requests = 500
	quota.consumer.default = 9223372036854775807
	quota.producer.default = 9223372036854775807
	quota.window.num = 11
	quota.window.size.seconds = 1
	replica.fetch.backoff.ms = 1000
	replica.fetch.max.bytes = 1048576
	replica.fetch.min.bytes = 1
	replica.fetch.response.max.bytes = 10485760
	replica.fetch.wait.max.ms = 500
	replica.high.watermark.checkpoint.interval.ms = 5000
	replica.lag.time.max.ms = 30000
	replica.selector.class = null
	replica.socket.receive.buffer.bytes = 65536
	replica.socket.timeout.ms = 30000
	replication.quota.window.num = 11
	replication.quota.window.size.seconds = 1
	request.timeout.ms = 30000
	reserved.broker.max.id = 1000
	sasl.client.callback.handler.class = null
	sasl.enabled.mechanisms = [GSSAPI]
	sasl.jaas.config = null
	sasl.kerberos.kinit.cmd = /usr/bin/kinit
	sasl.kerberos.min.time.before.relogin = 60000
	sasl.kerberos.principal.to.local.rules = [DEFAULT]
	sasl.kerberos.service.name = null
	sasl.kerberos.ticket.renew.jitter = 0.05
	sasl.kerberos.ticket.renew.window.factor = 0.8
	sasl.login.callback.handler.class = null
	sasl.login.class = null
	sasl.login.refresh.buffer.seconds = 300
	sasl.login.refresh.min.period.seconds = 60
	sasl.login.refresh.window.factor = 0.8
	sasl.login.refresh.window.jitter = 0.05
	sasl.mechanism.controller.protocol = GSSAPI
	sasl.mechanism.inter.broker.protocol = GSSAPI
	sasl.server.callback.handler.class = null
	security.inter.broker.protocol = PLAINTEXT
	security.providers = null
	socket.connection.setup.timeout.max.ms = 30000
	socket.connection.setup.timeout.ms = 10000
	socket.receive.buffer.bytes = 102400
	socket.request.max.bytes = 104857600
	socket.send.buffer.bytes = 102400
	ssl.cipher.suites = []
	ssl.client.auth = none
	ssl.enabled.protocols = [TLSv1.2, TLSv1.3]
	ssl.endpoint.identification.algorithm = https
	ssl.engine.factory.class = null
	ssl.key.password = null
	ssl.keymanager.algorithm = SunX509
	ssl.keystore.certificate.chain = null
	ssl.keystore.key = null
	ssl.keystore.location = null
	ssl.keystore.password = null
	ssl.keystore.type = JKS
	ssl.principal.mapping.rules = DEFAULT
	ssl.protocol = TLSv1.3
	ssl.provider = null
	ssl.secure.random.implementation = null
	ssl.trustmanager.algorithm = PKIX
	ssl.truststore.certificates = null
	ssl.truststore.location = null
	ssl.truststore.password = null
	ssl.truststore.type = JKS
	transaction.abort.timed.out.transaction.cleanup.interval.ms = 10000
	transaction.max.timeout.ms = 900000
	transaction.remove.expired.transaction.cleanup.interval.ms = 3600000
	transaction.state.log.load.buffer.size = 5242880
	transaction.state.log.min.isr = 1
	transaction.state.log.num.partitions = 50
	transaction.state.log.replication.factor = 1
	transaction.state.log.segment.bytes = 104857600
	transactional.id.expiration.ms = 604800000
	unclean.leader.election.enable = false
	zookeeper.clientCnxnSocket = null
	zookeeper.connect = 10.0.0.1:2181
	zookeeper.connection.timeout.ms = 18000
	zookeeper.max.in.flight.requests = 10
	zookeeper.session.timeout.ms = 18000
	zookeeper.set.acl = false
	zookeeper.ssl.cipher.suites = null
	zookeeper.ssl.client.enable = false
	zookeeper.ssl.crl.enable = false
	zookeeper.ssl.enabled.protocols = null
	zookeeper.ssl.endpoint.identification.algorithm = HTTPS
	zookeeper.ssl.keystore.location = null
	zookeeper.ssl.keystore.password = null
	zookeeper.ssl.keystore.type = null
	zookeeper.ssl.ocsp.enable = false
	zookeeper.ssl.protocol = TLSv1.2
	zookeeper.ssl.truststore.location = null
	zookeeper.ssl.truststore.password = null
	zookeeper.ssl.truststore.type = null
	zookeeper.sync.time.ms = 2000
 (kafka.server.KafkaConfig)
[2022-10-17 16:18:59,592] INFO KafkaConfig values: 
	advertised.host.name = null
	advertised.listeners = PLAINTEXT://10.0.0.1:9092
	advertised.port = null
	alter.config.policy.class.name = null
	alter.log.dirs.replication.quota.window.num = 11
	alter.log.dirs.replication.quota.window.size.seconds = 1
	authorizer.class.name = 
	auto.create.topics.enable = true
	auto.leader.rebalance.enable = true
	background.threads = 10
	broker.heartbeat.interval.ms = 2000
	broker.id = 1
	broker.id.generation.enable = true
	broker.rack = null
	broker.session.timeout.ms = 9000
	client.quota.callback.class = null
	compression.type = producer
	connection.failed.authentication.delay.ms = 100
	connections.max.idle.ms = 600000
	connections.max.reauth.ms = 0
	control.plane.listener.name = null
	controlled.shutdown.enable = true
	controlled.shutdown.max.retries = 3
	controlled.shutdown.retry.backoff.ms = 5000
	controller.listener.names = null
	controller.quorum.append.linger.ms = 25
	controller.quorum.election.backoff.max.ms = 1000
	controller.quorum.election.timeout.ms = 1000
	controller.quorum.fetch.timeout.ms = 2000
	controller.quorum.request.timeout.ms = 2000
	controller.quorum.retry.backoff.ms = 20
	controller.quorum.voters = []
	controller.quota.window.num = 11
	controller.quota.window.size.seconds = 1
	controller.socket.timeout.ms = 30000
	create.topic.policy.class.name = null
	default.replication.factor = 1
	delegation.token.expiry.check.interval.ms = 3600000
	delegation.token.expiry.time.ms = 86400000
	delegation.token.master.key = null
	delegation.token.max.lifetime.ms = 604800000
	delegation.token.secret.key = null
	delete.records.purgatory.purge.interval.requests = 1
	delete.topic.enable = true
	fetch.max.bytes = 57671680
	fetch.purgatory.purge.interval.requests = 1000
	group.initial.rebalance.delay.ms = 0
	group.max.session.timeout.ms = 1800000
	group.max.size = 2147483647
	group.min.session.timeout.ms = 6000
	host.name = 
	initial.broker.registration.timeout.ms = 60000
	inter.broker.listener.name = null
	inter.broker.protocol.version = 2.8-IV1
	kafka.metrics.polling.interval.secs = 10
	kafka.metrics.reporters = []
	leader.imbalance.check.interval.seconds = 300
	leader.imbalance.per.broker.percentage = 10
	listener.security.protocol.map = PLAINTEXT:PLAINTEXT,SSL:SSL,SASL_PLAINTEXT:SASL_PLAINTEXT,SASL_SSL:SASL_SSL
	listeners = null
	log.cleaner.backoff.ms = 15000
	log.cleaner.dedupe.buffer.size = 134217728
	log.cleaner.delete.retention.ms = 86400000
	log.cleaner.enable = true
	log.cleaner.io.buffer.load.factor = 0.9
	log.cleaner.io.buffer.size = 524288
	log.cleaner.io.max.bytes.per.second = 1.7976931348623157E308
	log.cleaner.max.compaction.lag.ms = 9223372036854775807
	log.cleaner.min.cleanable.ratio = 0.5
	log.cleaner.min.compaction.lag.ms = 0
	log.cleaner.threads = 1
	log.cleanup.policy = [delete]
	log.dir = /tmp/kafka-logs
	log.dirs = ./kafka/kafka1
	log.flush.interval.messages = 9223372036854775807
	log.flush.interval.ms = null
	log.flush.offset.checkpoint.interval.ms = 60000
	log.flush.scheduler.interval.ms = 9223372036854775807
	log.flush.start.offset.checkpoint.interval.ms = 60000
	log.index.interval.bytes = 4096
	log.index.size.max.bytes = 10485760
	log.message.downconversion.enable = true
	log.message.format.version = 2.8-IV1
	log.message.timestamp.difference.max.ms = 9223372036854775807
	log.message.timestamp.type = CreateTime
	log.preallocate = false
	log.retention.bytes = -1
	log.retention.check.interval.ms = 300000
	log.retention.hours = 168
	log.retention.minutes = null
	log.retention.ms = null
	log.roll.hours = 168
	log.roll.jitter.hours = 0
	log.roll.jitter.ms = null
	log.roll.ms = null
	log.segment.bytes = 1073741824
	log.segment.delete.delay.ms = 60000
	max.connection.creation.rate = 2147483647
	max.connections = 2147483647
	max.connections.per.ip = 2147483647
	max.connections.per.ip.overrides = 
	max.incremental.fetch.session.cache.slots = 1000
	message.max.bytes = 1048588
	metadata.log.dir = null
	metric.reporters = []
	metrics.num.samples = 2
	metrics.recording.level = INFO
	metrics.sample.window.ms = 30000
	min.insync.replicas = 1
	node.id = -1
	num.io.threads = 8
	num.network.threads = 3
	num.partitions = 1
	num.recovery.threads.per.data.dir = 1
	num.replica.alter.log.dirs.threads = null
	num.replica.fetchers = 1
	offset.metadata.max.bytes = 4096
	offsets.commit.required.acks = -1
	offsets.commit.timeout.ms = 5000
	offsets.load.buffer.size = 5242880
	offsets.retention.check.interval.ms = 600000
	offsets.retention.minutes = 10080
	offsets.topic.compression.codec = 0
	offsets.topic.num.partitions = 50
	offsets.topic.replication.factor = 1
	offsets.topic.segment.bytes = 104857600
	password.encoder.cipher.algorithm = AES/CBC/PKCS5Padding
	password.encoder.iterations = 4096
	password.encoder.key.length = 128
	password.encoder.keyfactory.algorithm = null
	password.encoder.old.secret = null
	password.encoder.secret = null
	port = 9092
	principal.builder.class = null
	process.roles = []
	producer.purgatory.purge.interval.requests = 1000
	queued.max.request.bytes = -1
	queued.max.requests = 500
	quota.consumer.default = 9223372036854775807
	quota.producer.default = 9223372036854775807
	quota.window.num = 11
	quota.window.size.seconds = 1
	replica.fetch.backoff.ms = 1000
	replica.fetch.max.bytes = 1048576
	replica.fetch.min.bytes = 1
	replica.fetch.response.max.bytes = 10485760
	replica.fetch.wait.max.ms = 500
	replica.high.watermark.checkpoint.interval.ms = 5000
	replica.lag.time.max.ms = 30000
	replica.selector.class = null
	replica.socket.receive.buffer.bytes = 65536
	replica.socket.timeout.ms = 30000
	replication.quota.window.num = 11
	replication.quota.window.size.seconds = 1
	request.timeout.ms = 30000
	reserved.broker.max.id = 1000
	sasl.client.callback.handler.class = null
	sasl.enabled.mechanisms = [GSSAPI]
	sasl.jaas.config = null
	sasl.kerberos.kinit.cmd = /usr/bin/kinit
	sasl.kerberos.min.time.before.relogin = 60000
	sasl.kerberos.principal.to.local.rules = [DEFAULT]
	sasl.kerberos.service.name = null
	sasl.kerberos.ticket.renew.jitter = 0.05
	sasl.kerberos.ticket.renew.window.factor = 0.8
	sasl.login.callback.handler.class = null
	sasl.login.class = null
	sasl.login.refresh.buffer.seconds = 300
	sasl.login.refresh.min.period.seconds = 60
	sasl.login.refresh.window.factor = 0.8
	sasl.login.refresh.window.jitter = 0.05
	sasl.mechanism.controller.protocol = GSSAPI
	sasl.mechanism.inter.broker.protocol = GSSAPI
	sasl.server.callback.handler.class = null
	security.inter.broker.protocol = PLAINTEXT
	security.providers = null
	socket.connection.setup.timeout.max.ms = 30000
	socket.connection.setup.timeout.ms = 10000
	socket.receive.buffer.bytes = 102400
	socket.request.max.bytes = 104857600
	socket.send.buffer.bytes = 102400
	ssl.cipher.suites = []
	ssl.client.auth = none
	ssl.enabled.protocols = [TLSv1.2, TLSv1.3]
	ssl.endpoint.identification.algorithm = https
	ssl.engine.factory.class = null
	ssl.key.password = null
	ssl.keymanager.algorithm = SunX509
	ssl.keystore.certificate.chain = null
	ssl.keystore.key = null
	ssl.keystore.location = null
	ssl.keystore.password = null
	ssl.keystore.type = JKS
	ssl.principal.mapping.rules = DEFAULT
	ssl.protocol = TLSv1.3
	ssl.provider = null
	ssl.secure.random.implementation = null
	ssl.trustmanager.algorithm = PKIX
	ssl.truststore.certificates = null
	ssl.truststore.location = null
	ssl.truststore.password = null
	ssl.truststore.type = JKS
	transaction.abort.timed.out.transaction.cleanup.interval.ms = 10000
	transaction.max.timeout.ms = 900000
	transaction.remove.expired.transaction.cleanup.interval.ms = 3600000
	transaction.state.log.load.buffer.size = 5242880
	transaction.state.log.min.isr = 1
	transaction.state.log.num.partitions = 50
	transaction.state.log.replication.factor = 1
	transaction.state.log.segment.bytes = 104857600
	transactional.id.expiration.ms = 604800000
	unclean.leader.election.enable = false
	zookeeper.clientCnxnSocket = null
	zookeeper.connect = 10.0.0.1:2181
	zookeeper.connection.timeout.ms = 18000
	zookeeper.max.in.flight.requests = 10
	zookeeper.session.timeout.ms = 18000
	zookeeper.set.acl = false
	zookeeper.ssl.cipher.suites = null
	zookeeper.ssl.client.enable = false
	zookeeper.ssl.crl.enable = false
	zookeeper.ssl.enabled.protocols = null
	zookeeper.ssl.endpoint.identification.algorithm = HTTPS
	zookeeper.ssl.keystore.location = null
	zookeeper.ssl.keystore.password = null
	zookeeper.ssl.keystore.type = null
	zookeeper.ssl.ocsp.enable = false
	zookeeper.ssl.protocol = TLSv1.2
	zookeeper.ssl.truststore.location = null
	zookeeper.ssl.truststore.password = null
	zookeeper.ssl.truststore.type = null
	zookeeper.sync.time.ms = 2000
 (kafka.server.KafkaConfig)
[2022-10-17 16:18:59,621] INFO [ThrottledChannelReaper-Fetch]: Starting (kafka.server.ClientQuotaManager$ThrottledChannelReaper)
[2022-10-17 16:18:59,622] INFO [ThrottledChannelReaper-Produce]: Starting (kafka.server.ClientQuotaManager$ThrottledChannelReaper)
[2022-10-17 16:18:59,623] INFO [ThrottledChannelReaper-Request]: Starting (kafka.server.ClientQuotaManager$ThrottledChannelReaper)
[2022-10-17 16:18:59,624] INFO [ThrottledChannelReaper-ControllerMutation]: Starting (kafka.server.ClientQuotaManager$ThrottledChannelReaper)
[2022-10-17 16:18:59,669] INFO Loading logs from log dirs ArraySeq(/home/monzurul/Desktop/stream2gym/./kafka/kafka1) (kafka.log.LogManager)
[2022-10-17 16:18:59,671] INFO Attempting recovery for all logs in /home/monzurul/Desktop/stream2gym/./kafka/kafka1 since no clean shutdown file was found (kafka.log.LogManager)
[2022-10-17 16:18:59,676] INFO Loaded 0 logs in 7ms. (kafka.log.LogManager)
[2022-10-17 16:18:59,676] INFO Starting log cleanup with a period of 300000 ms. (kafka.log.LogManager)
[2022-10-17 16:18:59,678] INFO Starting log flusher with a default period of 9223372036854775807 ms. (kafka.log.LogManager)
[2022-10-17 16:19:00,064] INFO Updated connection-accept-rate max connection creation rate to 2147483647 (kafka.network.ConnectionQuotas)
[2022-10-17 16:19:00,067] INFO Awaiting socket connections on 0.0.0.0:9092. (kafka.network.Acceptor)
[2022-10-17 16:19:00,104] INFO [SocketServer listenerType=ZK_BROKER, nodeId=1] Created data-plane acceptor and processors for endpoint : ListenerName(PLAINTEXT) (kafka.network.SocketServer)
[2022-10-17 16:19:00,129] INFO [broker-1-to-controller-send-thread]: Starting (kafka.server.BrokerToControllerRequestThread)
[2022-10-17 16:19:00,145] INFO [ExpirationReaper-1-Produce]: Starting (kafka.server.DelayedOperationPurgatory$ExpiredOperationReaper)
[2022-10-17 16:19:00,146] INFO [ExpirationReaper-1-Fetch]: Starting (kafka.server.DelayedOperationPurgatory$ExpiredOperationReaper)
[2022-10-17 16:19:00,147] INFO [ExpirationReaper-1-DeleteRecords]: Starting (kafka.server.DelayedOperationPurgatory$ExpiredOperationReaper)
[2022-10-17 16:19:00,148] INFO [ExpirationReaper-1-ElectLeader]: Starting (kafka.server.DelayedOperationPurgatory$ExpiredOperationReaper)
[2022-10-17 16:19:00,159] INFO [LogDirFailureHandler]: Starting (kafka.server.ReplicaManager$LogDirFailureHandler)
[2022-10-17 16:19:00,184] INFO Creating /brokers/ids/1 (is it secure? false) (kafka.zk.KafkaZkClient)
[2022-10-17 16:19:00,324] INFO Stat of the created znode at /brokers/ids/1 is: 25,25,1666034340194,1666034340194,1,0,0,72114134717169664,200,0,25
 (kafka.zk.KafkaZkClient)
[2022-10-17 16:19:00,325] INFO Registered broker 1 at path /brokers/ids/1 with addresses: PLAINTEXT://10.0.0.1:9092, czxid (broker epoch): 25 (kafka.zk.KafkaZkClient)
[2022-10-17 16:19:00,692] INFO [ExpirationReaper-1-topic]: Starting (kafka.server.DelayedOperationPurgatory$ExpiredOperationReaper)
[2022-10-17 16:19:00,697] INFO [ExpirationReaper-1-Heartbeat]: Starting (kafka.server.DelayedOperationPurgatory$ExpiredOperationReaper)
[2022-10-17 16:19:00,703] INFO [ExpirationReaper-1-Rebalance]: Starting (kafka.server.DelayedOperationPurgatory$ExpiredOperationReaper)
[2022-10-17 16:19:00,714] INFO [GroupCoordinator 1]: Starting up. (kafka.coordinator.group.GroupCoordinator)
[2022-10-17 16:19:00,873] INFO Successfully created /controller_epoch with initial epoch 0 (kafka.zk.KafkaZkClient)
[2022-10-17 16:19:00,874] INFO [GroupCoordinator 1]: Startup complete. (kafka.coordinator.group.GroupCoordinator)
[2022-10-17 16:19:01,094] INFO [ProducerId Manager 1]: Acquired new producerId block (brokerId:1,blockStartProducerId:0,blockEndProducerId:999) by writing to Zk with path version 1 (kafka.coordinator.transaction.ProducerIdManager)
[2022-10-17 16:19:01,094] INFO [TransactionCoordinator id=1] Starting up. (kafka.coordinator.transaction.TransactionCoordinator)
[2022-10-17 16:19:01,221] INFO Feature ZK node created at path: /feature (kafka.server.FinalizedFeatureChangeListener)
[2022-10-17 16:19:01,224] INFO [Transaction Marker Channel Manager 1]: Starting (kafka.coordinator.transaction.TransactionMarkerChannelManager)
[2022-10-17 16:19:01,224] INFO [TransactionCoordinator id=1] Startup complete. (kafka.coordinator.transaction.TransactionCoordinator)
[2022-10-17 16:19:01,251] INFO Updated cache from existing <empty> to latest FinalizedFeaturesAndEpoch(features=Features{}, epoch=0). (kafka.server.FinalizedFeatureCache)
[2022-10-17 16:19:01,260] INFO [ExpirationReaper-1-AlterAcls]: Starting (kafka.server.DelayedOperationPurgatory$ExpiredOperationReaper)
[2022-10-17 16:19:01,281] INFO [/config/changes-event-process-thread]: Starting (kafka.common.ZkNodeChangeNotificationListener$ChangeEventProcessThread)
[2022-10-17 16:19:01,289] INFO [SocketServer listenerType=ZK_BROKER, nodeId=1] Starting socket server acceptors and processors (kafka.network.SocketServer)
[2022-10-17 16:19:01,293] INFO [SocketServer listenerType=ZK_BROKER, nodeId=1] Started data-plane acceptor and processor(s) for endpoint : ListenerName(PLAINTEXT) (kafka.network.SocketServer)
[2022-10-17 16:19:01,293] INFO [SocketServer listenerType=ZK_BROKER, nodeId=1] Started socket server acceptors and processors (kafka.network.SocketServer)
[2022-10-17 16:19:01,297] INFO Kafka version: 2.8.0 (org.apache.kafka.common.utils.AppInfoParser)
[2022-10-17 16:19:01,297] INFO Kafka commitId: ebb1d6e21cc92130 (org.apache.kafka.common.utils.AppInfoParser)
[2022-10-17 16:19:01,297] INFO Kafka startTimeMs: 1666034341293 (org.apache.kafka.common.utils.AppInfoParser)
[2022-10-17 16:19:01,298] INFO [KafkaServer id=1] started (kafka.server.KafkaServer)
[2022-10-17 16:19:01,447] INFO [broker-1-to-controller-send-thread]: Recorded new controller, from now on will use broker 10.0.0.1:9092 (id: 1 rack: null) (kafka.server.BrokerToControllerRequestThread)
[2022-10-17 16:19:05,144] INFO Creating topic inputTopic with configuration {} and initial partition assignment HashMap(0 -> ArrayBuffer(1)) (kafka.zk.AdminZkClient)
[2022-10-17 16:19:05,396] INFO [ReplicaFetcherManager on broker 1] Removed fetcher for partitions Set(inputTopic-0) (kafka.server.ReplicaFetcherManager)
[2022-10-17 16:19:05,448] INFO [Log partition=inputTopic-0, dir=/home/monzurul/Desktop/stream2gym/./kafka/kafka1] Loading producer state till offset 0 with message format version 2 (kafka.log.Log)
[2022-10-17 16:19:05,451] INFO Created log for partition inputTopic-0 in /home/monzurul/Desktop/stream2gym/./kafka/kafka1/inputTopic-0 with properties {compression.type -> producer, min.insync.replicas -> 1, message.downconversion.enable -> true, segment.jitter.ms -> 0, cleanup.policy -> [delete], flush.ms -> 9223372036854775807, retention.ms -> 604800000, segment.bytes -> 1073741824, flush.messages -> 9223372036854775807, message.format.version -> 2.8-IV1, max.compaction.lag.ms -> 9223372036854775807, file.delete.delay.ms -> 60000, max.message.bytes -> 1048588, min.compaction.lag.ms -> 0, message.timestamp.type -> CreateTime, preallocate -> false, index.interval.bytes -> 4096, min.cleanable.dirty.ratio -> 0.5, unclean.leader.election.enable -> false, retention.bytes -> -1, delete.retention.ms -> 86400000, segment.ms -> 604800000, message.timestamp.difference.max.ms -> 9223372036854775807, segment.index.bytes -> 10485760}. (kafka.log.LogManager)
[2022-10-17 16:19:05,452] INFO [Partition inputTopic-0 broker=1] No checkpointed highwatermark is found for partition inputTopic-0 (kafka.cluster.Partition)
[2022-10-17 16:19:05,453] INFO [Partition inputTopic-0 broker=1] Log loaded for partition inputTopic-0 with initial high watermark 0 (kafka.cluster.Partition)
[2022-10-17 16:19:09,155] INFO Creating topic outputTopic with configuration {} and initial partition assignment HashMap(0 -> ArrayBuffer(1)) (kafka.zk.AdminZkClient)
[2022-10-17 16:19:09,867] INFO [ReplicaFetcherManager on broker 1] Removed fetcher for partitions Set(outputTopic-0) (kafka.server.ReplicaFetcherManager)
[2022-10-17 16:19:09,871] INFO [Log partition=outputTopic-0, dir=/home/monzurul/Desktop/stream2gym/./kafka/kafka1] Loading producer state till offset 0 with message format version 2 (kafka.log.Log)
[2022-10-17 16:19:09,873] INFO Created log for partition outputTopic-0 in /home/monzurul/Desktop/stream2gym/./kafka/kafka1/outputTopic-0 with properties {compression.type -> producer, min.insync.replicas -> 1, message.downconversion.enable -> true, segment.jitter.ms -> 0, cleanup.policy -> [delete], flush.ms -> 9223372036854775807, retention.ms -> 604800000, segment.bytes -> 1073741824, flush.messages -> 9223372036854775807, message.format.version -> 2.8-IV1, max.compaction.lag.ms -> 9223372036854775807, file.delete.delay.ms -> 60000, max.message.bytes -> 1048588, min.compaction.lag.ms -> 0, message.timestamp.type -> CreateTime, preallocate -> false, index.interval.bytes -> 4096, min.cleanable.dirty.ratio -> 0.5, unclean.leader.election.enable -> false, retention.bytes -> -1, delete.retention.ms -> 86400000, segment.ms -> 604800000, message.timestamp.difference.max.ms -> 9223372036854775807, segment.index.bytes -> 10485760}. (kafka.log.LogManager)
[2022-10-17 16:19:09,874] INFO [Partition outputTopic-0 broker=1] No checkpointed highwatermark is found for partition outputTopic-0 (kafka.cluster.Partition)
[2022-10-17 16:19:09,874] INFO [Partition outputTopic-0 broker=1] Log loaded for partition outputTopic-0 with initial high watermark 0 (kafka.cluster.Partition)
[2022-10-17 16:20:45,485] INFO Creating topic __consumer_offsets with configuration {compression.type=producer, cleanup.policy=compact, segment.bytes=104857600} and initial partition assignment HashMap(0 -> ArrayBuffer(1), 1 -> ArrayBuffer(1), 2 -> ArrayBuffer(1), 3 -> ArrayBuffer(1), 4 -> ArrayBuffer(1), 5 -> ArrayBuffer(1), 6 -> ArrayBuffer(1), 7 -> ArrayBuffer(1), 8 -> ArrayBuffer(1), 9 -> ArrayBuffer(1), 10 -> ArrayBuffer(1), 11 -> ArrayBuffer(1), 12 -> ArrayBuffer(1), 13 -> ArrayBuffer(1), 14 -> ArrayBuffer(1), 15 -> ArrayBuffer(1), 16 -> ArrayBuffer(1), 17 -> ArrayBuffer(1), 18 -> ArrayBuffer(1), 19 -> ArrayBuffer(1), 20 -> ArrayBuffer(1), 21 -> ArrayBuffer(1), 22 -> ArrayBuffer(1), 23 -> ArrayBuffer(1), 24 -> ArrayBuffer(1), 25 -> ArrayBuffer(1), 26 -> ArrayBuffer(1), 27 -> ArrayBuffer(1), 28 -> ArrayBuffer(1), 29 -> ArrayBuffer(1), 30 -> ArrayBuffer(1), 31 -> ArrayBuffer(1), 32 -> ArrayBuffer(1), 33 -> ArrayBuffer(1), 34 -> ArrayBuffer(1), 35 -> ArrayBuffer(1), 36 -> ArrayBuffer(1), 37 -> ArrayBuffer(1), 38 -> ArrayBuffer(1), 39 -> ArrayBuffer(1), 40 -> ArrayBuffer(1), 41 -> ArrayBuffer(1), 42 -> ArrayBuffer(1), 43 -> ArrayBuffer(1), 44 -> ArrayBuffer(1), 45 -> ArrayBuffer(1), 46 -> ArrayBuffer(1), 47 -> ArrayBuffer(1), 48 -> ArrayBuffer(1), 49 -> ArrayBuffer(1)) (kafka.zk.AdminZkClient)
[2022-10-17 16:20:53,979] INFO [ReplicaFetcherManager on broker 1] Removed fetcher for partitions HashSet(__consumer_offsets-22, __consumer_offsets-30, __consumer_offsets-25, __consumer_offsets-35, __consumer_offsets-37, __consumer_offsets-38, __consumer_offsets-13, __consumer_offsets-8, __consumer_offsets-21, __consumer_offsets-4, __consumer_offsets-27, __consumer_offsets-7, __consumer_offsets-9, __consumer_offsets-46, __consumer_offsets-41, __consumer_offsets-33, __consumer_offsets-23, __consumer_offsets-49, __consumer_offsets-47, __consumer_offsets-16, __consumer_offsets-28, __consumer_offsets-31, __consumer_offsets-36, __consumer_offsets-42, __consumer_offsets-3, __consumer_offsets-18, __consumer_offsets-15, __consumer_offsets-24, __consumer_offsets-17, __consumer_offsets-48, __consumer_offsets-19, __consumer_offsets-11, __consumer_offsets-2, __consumer_offsets-43, __consumer_offsets-6, __consumer_offsets-14, __consumer_offsets-20, __consumer_offsets-0, __consumer_offsets-44, __consumer_offsets-39, __consumer_offsets-12, __consumer_offsets-45, __consumer_offsets-1, __consumer_offsets-5, __consumer_offsets-26, __consumer_offsets-29, __consumer_offsets-34, __consumer_offsets-10, __consumer_offsets-32, __consumer_offsets-40) (kafka.server.ReplicaFetcherManager)
[2022-10-17 16:20:55,808] INFO [Log partition=__consumer_offsets-3, dir=/home/monzurul/Desktop/stream2gym/./kafka/kafka1] Loading producer state till offset 0 with message format version 2 (kafka.log.Log)
[2022-10-17 16:20:55,809] INFO Created log for partition __consumer_offsets-3 in /home/monzurul/Desktop/stream2gym/./kafka/kafka1/__consumer_offsets-3 with properties {compression.type -> producer, min.insync.replicas -> 1, message.downconversion.enable -> true, segment.jitter.ms -> 0, cleanup.policy -> compact, flush.ms -> 9223372036854775807, retention.ms -> 604800000, segment.bytes -> 104857600, flush.messages -> 9223372036854775807, message.format.version -> 2.8-IV1, max.compaction.lag.ms -> 9223372036854775807, file.delete.delay.ms -> 60000, max.message.bytes -> 1048588, min.compaction.lag.ms -> 0, message.timestamp.type -> CreateTime, preallocate -> false, index.interval.bytes -> 4096, min.cleanable.dirty.ratio -> 0.5, unclean.leader.election.enable -> false, retention.bytes -> -1, delete.retention.ms -> 86400000, segment.ms -> 604800000, message.timestamp.difference.max.ms -> 9223372036854775807, segment.index.bytes -> 10485760}. (kafka.log.LogManager)
[2022-10-17 16:20:56,262] INFO [Partition __consumer_offsets-3 broker=1] No checkpointed highwatermark is found for partition __consumer_offsets-3 (kafka.cluster.Partition)
[2022-10-17 16:20:56,262] INFO [Partition __consumer_offsets-3 broker=1] Log loaded for partition __consumer_offsets-3 with initial high watermark 0 (kafka.cluster.Partition)
[2022-10-17 16:20:56,884] INFO [Log partition=__consumer_offsets-18, dir=/home/monzurul/Desktop/stream2gym/./kafka/kafka1] Loading producer state till offset 0 with message format version 2 (kafka.log.Log)
[2022-10-17 16:20:56,885] INFO Created log for partition __consumer_offsets-18 in /home/monzurul/Desktop/stream2gym/./kafka/kafka1/__consumer_offsets-18 with properties {compression.type -> producer, min.insync.replicas -> 1, message.downconversion.enable -> true, segment.jitter.ms -> 0, cleanup.policy -> compact, flush.ms -> 9223372036854775807, retention.ms -> 604800000, segment.bytes -> 104857600, flush.messages -> 9223372036854775807, message.format.version -> 2.8-IV1, max.compaction.lag.ms -> 9223372036854775807, file.delete.delay.ms -> 60000, max.message.bytes -> 1048588, min.compaction.lag.ms -> 0, message.timestamp.type -> CreateTime, preallocate -> false, index.interval.bytes -> 4096, min.cleanable.dirty.ratio -> 0.5, unclean.leader.election.enable -> false, retention.bytes -> -1, delete.retention.ms -> 86400000, segment.ms -> 604800000, message.timestamp.difference.max.ms -> 9223372036854775807, segment.index.bytes -> 10485760}. (kafka.log.LogManager)
[2022-10-17 16:20:56,885] INFO [Partition __consumer_offsets-18 broker=1] No checkpointed highwatermark is found for partition __consumer_offsets-18 (kafka.cluster.Partition)
[2022-10-17 16:20:56,885] INFO [Partition __consumer_offsets-18 broker=1] Log loaded for partition __consumer_offsets-18 with initial high watermark 0 (kafka.cluster.Partition)
[2022-10-17 16:20:58,795] INFO [Log partition=__consumer_offsets-41, dir=/home/monzurul/Desktop/stream2gym/./kafka/kafka1] Loading producer state till offset 0 with message format version 2 (kafka.log.Log)
[2022-10-17 16:20:58,796] INFO Created log for partition __consumer_offsets-41 in /home/monzurul/Desktop/stream2gym/./kafka/kafka1/__consumer_offsets-41 with properties {compression.type -> producer, min.insync.replicas -> 1, message.downconversion.enable -> true, segment.jitter.ms -> 0, cleanup.policy -> compact, flush.ms -> 9223372036854775807, retention.ms -> 604800000, segment.bytes -> 104857600, flush.messages -> 9223372036854775807, message.format.version -> 2.8-IV1, max.compaction.lag.ms -> 9223372036854775807, file.delete.delay.ms -> 60000, max.message.bytes -> 1048588, min.compaction.lag.ms -> 0, message.timestamp.type -> CreateTime, preallocate -> false, index.interval.bytes -> 4096, min.cleanable.dirty.ratio -> 0.5, unclean.leader.election.enable -> false, retention.bytes -> -1, delete.retention.ms -> 86400000, segment.ms -> 604800000, message.timestamp.difference.max.ms -> 9223372036854775807, segment.index.bytes -> 10485760}. (kafka.log.LogManager)
[2022-10-17 16:20:58,796] INFO [Partition __consumer_offsets-41 broker=1] No checkpointed highwatermark is found for partition __consumer_offsets-41 (kafka.cluster.Partition)
[2022-10-17 16:20:58,796] INFO [Partition __consumer_offsets-41 broker=1] Log loaded for partition __consumer_offsets-41 with initial high watermark 0 (kafka.cluster.Partition)
[2022-10-17 16:20:59,275] INFO [Log partition=__consumer_offsets-10, dir=/home/monzurul/Desktop/stream2gym/./kafka/kafka1] Loading producer state till offset 0 with message format version 2 (kafka.log.Log)
[2022-10-17 16:20:59,276] INFO Created log for partition __consumer_offsets-10 in /home/monzurul/Desktop/stream2gym/./kafka/kafka1/__consumer_offsets-10 with properties {compression.type -> producer, min.insync.replicas -> 1, message.downconversion.enable -> true, segment.jitter.ms -> 0, cleanup.policy -> compact, flush.ms -> 9223372036854775807, retention.ms -> 604800000, segment.bytes -> 104857600, flush.messages -> 9223372036854775807, message.format.version -> 2.8-IV1, max.compaction.lag.ms -> 9223372036854775807, file.delete.delay.ms -> 60000, max.message.bytes -> 1048588, min.compaction.lag.ms -> 0, message.timestamp.type -> CreateTime, preallocate -> false, index.interval.bytes -> 4096, min.cleanable.dirty.ratio -> 0.5, unclean.leader.election.enable -> false, retention.bytes -> -1, delete.retention.ms -> 86400000, segment.ms -> 604800000, message.timestamp.difference.max.ms -> 9223372036854775807, segment.index.bytes -> 10485760}. (kafka.log.LogManager)
[2022-10-17 16:20:59,277] INFO [Partition __consumer_offsets-10 broker=1] No checkpointed highwatermark is found for partition __consumer_offsets-10 (kafka.cluster.Partition)
[2022-10-17 16:20:59,277] INFO [Partition __consumer_offsets-10 broker=1] Log loaded for partition __consumer_offsets-10 with initial high watermark 0 (kafka.cluster.Partition)
[2022-10-17 16:20:59,728] INFO [Log partition=__consumer_offsets-33, dir=/home/monzurul/Desktop/stream2gym/./kafka/kafka1] Loading producer state till offset 0 with message format version 2 (kafka.log.Log)
[2022-10-17 16:20:59,729] INFO Created log for partition __consumer_offsets-33 in /home/monzurul/Desktop/stream2gym/./kafka/kafka1/__consumer_offsets-33 with properties {compression.type -> producer, min.insync.replicas -> 1, message.downconversion.enable -> true, segment.jitter.ms -> 0, cleanup.policy -> compact, flush.ms -> 9223372036854775807, retention.ms -> 604800000, segment.bytes -> 104857600, flush.messages -> 9223372036854775807, message.format.version -> 2.8-IV1, max.compaction.lag.ms -> 9223372036854775807, file.delete.delay.ms -> 60000, max.message.bytes -> 1048588, min.compaction.lag.ms -> 0, message.timestamp.type -> CreateTime, preallocate -> false, index.interval.bytes -> 4096, min.cleanable.dirty.ratio -> 0.5, unclean.leader.election.enable -> false, retention.bytes -> -1, delete.retention.ms -> 86400000, segment.ms -> 604800000, message.timestamp.difference.max.ms -> 9223372036854775807, segment.index.bytes -> 10485760}. (kafka.log.LogManager)
[2022-10-17 16:20:59,729] INFO [Partition __consumer_offsets-33 broker=1] No checkpointed highwatermark is found for partition __consumer_offsets-33 (kafka.cluster.Partition)
[2022-10-17 16:20:59,729] INFO [Partition __consumer_offsets-33 broker=1] Log loaded for partition __consumer_offsets-33 with initial high watermark 0 (kafka.cluster.Partition)
[2022-10-17 16:21:00,213] INFO [Log partition=__consumer_offsets-48, dir=/home/monzurul/Desktop/stream2gym/./kafka/kafka1] Loading producer state till offset 0 with message format version 2 (kafka.log.Log)
[2022-10-17 16:21:00,214] INFO Created log for partition __consumer_offsets-48 in /home/monzurul/Desktop/stream2gym/./kafka/kafka1/__consumer_offsets-48 with properties {compression.type -> producer, min.insync.replicas -> 1, message.downconversion.enable -> true, segment.jitter.ms -> 0, cleanup.policy -> compact, flush.ms -> 9223372036854775807, retention.ms -> 604800000, segment.bytes -> 104857600, flush.messages -> 9223372036854775807, message.format.version -> 2.8-IV1, max.compaction.lag.ms -> 9223372036854775807, file.delete.delay.ms -> 60000, max.message.bytes -> 1048588, min.compaction.lag.ms -> 0, message.timestamp.type -> CreateTime, preallocate -> false, index.interval.bytes -> 4096, min.cleanable.dirty.ratio -> 0.5, unclean.leader.election.enable -> false, retention.bytes -> -1, delete.retention.ms -> 86400000, segment.ms -> 604800000, message.timestamp.difference.max.ms -> 9223372036854775807, segment.index.bytes -> 10485760}. (kafka.log.LogManager)
[2022-10-17 16:21:00,214] INFO [Partition __consumer_offsets-48 broker=1] No checkpointed highwatermark is found for partition __consumer_offsets-48 (kafka.cluster.Partition)
[2022-10-17 16:21:00,214] INFO [Partition __consumer_offsets-48 broker=1] Log loaded for partition __consumer_offsets-48 with initial high watermark 0 (kafka.cluster.Partition)
[2022-10-17 16:21:00,659] INFO [Log partition=__consumer_offsets-19, dir=/home/monzurul/Desktop/stream2gym/./kafka/kafka1] Loading producer state till offset 0 with message format version 2 (kafka.log.Log)
[2022-10-17 16:21:00,660] INFO Created log for partition __consumer_offsets-19 in /home/monzurul/Desktop/stream2gym/./kafka/kafka1/__consumer_offsets-19 with properties {compression.type -> producer, min.insync.replicas -> 1, message.downconversion.enable -> true, segment.jitter.ms -> 0, cleanup.policy -> compact, flush.ms -> 9223372036854775807, retention.ms -> 604800000, segment.bytes -> 104857600, flush.messages -> 9223372036854775807, message.format.version -> 2.8-IV1, max.compaction.lag.ms -> 9223372036854775807, file.delete.delay.ms -> 60000, max.message.bytes -> 1048588, min.compaction.lag.ms -> 0, message.timestamp.type -> CreateTime, preallocate -> false, index.interval.bytes -> 4096, min.cleanable.dirty.ratio -> 0.5, unclean.leader.election.enable -> false, retention.bytes -> -1, delete.retention.ms -> 86400000, segment.ms -> 604800000, message.timestamp.difference.max.ms -> 9223372036854775807, segment.index.bytes -> 10485760}. (kafka.log.LogManager)
[2022-10-17 16:21:00,660] INFO [Partition __consumer_offsets-19 broker=1] No checkpointed highwatermark is found for partition __consumer_offsets-19 (kafka.cluster.Partition)
[2022-10-17 16:21:00,660] INFO [Partition __consumer_offsets-19 broker=1] Log loaded for partition __consumer_offsets-19 with initial high watermark 0 (kafka.cluster.Partition)
[2022-10-17 16:21:01,189] INFO [Log partition=__consumer_offsets-34, dir=/home/monzurul/Desktop/stream2gym/./kafka/kafka1] Loading producer state till offset 0 with message format version 2 (kafka.log.Log)
[2022-10-17 16:21:01,189] INFO Created log for partition __consumer_offsets-34 in /home/monzurul/Desktop/stream2gym/./kafka/kafka1/__consumer_offsets-34 with properties {compression.type -> producer, min.insync.replicas -> 1, message.downconversion.enable -> true, segment.jitter.ms -> 0, cleanup.policy -> compact, flush.ms -> 9223372036854775807, retention.ms -> 604800000, segment.bytes -> 104857600, flush.messages -> 9223372036854775807, message.format.version -> 2.8-IV1, max.compaction.lag.ms -> 9223372036854775807, file.delete.delay.ms -> 60000, max.message.bytes -> 1048588, min.compaction.lag.ms -> 0, message.timestamp.type -> CreateTime, preallocate -> false, index.interval.bytes -> 4096, min.cleanable.dirty.ratio -> 0.5, unclean.leader.election.enable -> false, retention.bytes -> -1, delete.retention.ms -> 86400000, segment.ms -> 604800000, message.timestamp.difference.max.ms -> 9223372036854775807, segment.index.bytes -> 10485760}. (kafka.log.LogManager)
[2022-10-17 16:21:01,190] INFO [Partition __consumer_offsets-34 broker=1] No checkpointed highwatermark is found for partition __consumer_offsets-34 (kafka.cluster.Partition)
[2022-10-17 16:21:01,190] INFO [Partition __consumer_offsets-34 broker=1] Log loaded for partition __consumer_offsets-34 with initial high watermark 0 (kafka.cluster.Partition)
[2022-10-17 16:21:01,430] INFO [Log partition=__consumer_offsets-4, dir=/home/monzurul/Desktop/stream2gym/./kafka/kafka1] Loading producer state till offset 0 with message format version 2 (kafka.log.Log)
[2022-10-17 16:21:01,431] INFO Created log for partition __consumer_offsets-4 in /home/monzurul/Desktop/stream2gym/./kafka/kafka1/__consumer_offsets-4 with properties {compression.type -> producer, min.insync.replicas -> 1, message.downconversion.enable -> true, segment.jitter.ms -> 0, cleanup.policy -> compact, flush.ms -> 9223372036854775807, retention.ms -> 604800000, segment.bytes -> 104857600, flush.messages -> 9223372036854775807, message.format.version -> 2.8-IV1, max.compaction.lag.ms -> 9223372036854775807, file.delete.delay.ms -> 60000, max.message.bytes -> 1048588, min.compaction.lag.ms -> 0, message.timestamp.type -> CreateTime, preallocate -> false, index.interval.bytes -> 4096, min.cleanable.dirty.ratio -> 0.5, unclean.leader.election.enable -> false, retention.bytes -> -1, delete.retention.ms -> 86400000, segment.ms -> 604800000, message.timestamp.difference.max.ms -> 9223372036854775807, segment.index.bytes -> 10485760}. (kafka.log.LogManager)
[2022-10-17 16:21:01,431] INFO [Partition __consumer_offsets-4 broker=1] No checkpointed highwatermark is found for partition __consumer_offsets-4 (kafka.cluster.Partition)
[2022-10-17 16:21:01,431] INFO [Partition __consumer_offsets-4 broker=1] Log loaded for partition __consumer_offsets-4 with initial high watermark 0 (kafka.cluster.Partition)
[2022-10-17 16:21:01,672] INFO [Log partition=__consumer_offsets-11, dir=/home/monzurul/Desktop/stream2gym/./kafka/kafka1] Loading producer state till offset 0 with message format version 2 (kafka.log.Log)
[2022-10-17 16:21:01,672] INFO Created log for partition __consumer_offsets-11 in /home/monzurul/Desktop/stream2gym/./kafka/kafka1/__consumer_offsets-11 with properties {compression.type -> producer, min.insync.replicas -> 1, message.downconversion.enable -> true, segment.jitter.ms -> 0, cleanup.policy -> compact, flush.ms -> 9223372036854775807, retention.ms -> 604800000, segment.bytes -> 104857600, flush.messages -> 9223372036854775807, message.format.version -> 2.8-IV1, max.compaction.lag.ms -> 9223372036854775807, file.delete.delay.ms -> 60000, max.message.bytes -> 1048588, min.compaction.lag.ms -> 0, message.timestamp.type -> CreateTime, preallocate -> false, index.interval.bytes -> 4096, min.cleanable.dirty.ratio -> 0.5, unclean.leader.election.enable -> false, retention.bytes -> -1, delete.retention.ms -> 86400000, segment.ms -> 604800000, message.timestamp.difference.max.ms -> 9223372036854775807, segment.index.bytes -> 10485760}. (kafka.log.LogManager)
[2022-10-17 16:21:01,673] INFO [Partition __consumer_offsets-11 broker=1] No checkpointed highwatermark is found for partition __consumer_offsets-11 (kafka.cluster.Partition)
[2022-10-17 16:21:01,673] INFO [Partition __consumer_offsets-11 broker=1] Log loaded for partition __consumer_offsets-11 with initial high watermark 0 (kafka.cluster.Partition)
[2022-10-17 16:21:01,921] INFO [Log partition=__consumer_offsets-26, dir=/home/monzurul/Desktop/stream2gym/./kafka/kafka1] Loading producer state till offset 0 with message format version 2 (kafka.log.Log)
[2022-10-17 16:21:01,922] INFO Created log for partition __consumer_offsets-26 in /home/monzurul/Desktop/stream2gym/./kafka/kafka1/__consumer_offsets-26 with properties {compression.type -> producer, min.insync.replicas -> 1, message.downconversion.enable -> true, segment.jitter.ms -> 0, cleanup.policy -> compact, flush.ms -> 9223372036854775807, retention.ms -> 604800000, segment.bytes -> 104857600, flush.messages -> 9223372036854775807, message.format.version -> 2.8-IV1, max.compaction.lag.ms -> 9223372036854775807, file.delete.delay.ms -> 60000, max.message.bytes -> 1048588, min.compaction.lag.ms -> 0, message.timestamp.type -> CreateTime, preallocate -> false, index.interval.bytes -> 4096, min.cleanable.dirty.ratio -> 0.5, unclean.leader.election.enable -> false, retention.bytes -> -1, delete.retention.ms -> 86400000, segment.ms -> 604800000, message.timestamp.difference.max.ms -> 9223372036854775807, segment.index.bytes -> 10485760}. (kafka.log.LogManager)
[2022-10-17 16:21:01,922] INFO [Partition __consumer_offsets-26 broker=1] No checkpointed highwatermark is found for partition __consumer_offsets-26 (kafka.cluster.Partition)
[2022-10-17 16:21:01,922] INFO [Partition __consumer_offsets-26 broker=1] Log loaded for partition __consumer_offsets-26 with initial high watermark 0 (kafka.cluster.Partition)
