[2022-11-20 19:42:36,747] INFO [Controller id=1 epoch=1] Sending UpdateMetadata request to brokers HashSet(1) for 0 partitions (state.change.logger)
[2022-11-20 19:42:37,063] INFO [Controller id=1 epoch=1] Sending UpdateMetadata request to brokers HashSet(1) for 0 partitions (state.change.logger)
[2022-11-20 19:42:37,064] INFO [Controller id=1 epoch=1] Sending UpdateMetadata request to brokers HashSet(2) for 0 partitions (state.change.logger)
[2022-11-20 19:42:41,186] INFO [Controller id=1 epoch=1] Changed partition topic-0-0 state from NonExistentPartition to NewPartition with assigned replicas 2,1 (state.change.logger)
[2022-11-20 19:42:41,186] INFO [Controller id=1 epoch=1] Sending UpdateMetadata request to brokers HashSet() for 0 partitions (state.change.logger)
[2022-11-20 19:42:41,190] INFO [Controller id=1 epoch=1] Sending UpdateMetadata request to brokers HashSet() for 0 partitions (state.change.logger)
[2022-11-20 19:42:41,342] INFO [Controller id=1 epoch=1] Changed partition topic-0-0 from NewPartition to OnlinePartition with state LeaderAndIsr(leader=2, leaderEpoch=0, isr=List(2, 1), zkVersion=0) (state.change.logger)
[2022-11-20 19:42:41,344] INFO [Controller id=1 epoch=1] Sending LeaderAndIsr request to broker 1 with 0 become-leader and 1 become-follower partitions (state.change.logger)
[2022-11-20 19:42:41,346] INFO [Controller id=1 epoch=1] Sending LeaderAndIsr request to broker 2 with 1 become-leader and 0 become-follower partitions (state.change.logger)
[2022-11-20 19:42:41,347] INFO [Controller id=1 epoch=1] Sending UpdateMetadata request to brokers HashSet(1, 2) for 1 partitions (state.change.logger)
[2022-11-20 19:42:41,348] INFO [Controller id=1 epoch=1] Sending UpdateMetadata request to brokers HashSet() for 0 partitions (state.change.logger)
[2022-11-20 19:42:41,352] INFO [Broker id=1] Handling LeaderAndIsr request correlationId 2 from controller 1 for 1 partitions (state.change.logger)
[2022-11-20 19:42:41,356] INFO [Broker id=2] Handling LeaderAndIsr request correlationId 1 from controller 1 for 1 partitions (state.change.logger)
[2022-11-20 19:42:41,392] INFO [Broker id=2] Stopped fetchers as part of LeaderAndIsr request correlationId 1 from controller 1 epoch 1 as part of the become-leader transition for 1 partitions (state.change.logger)
[2022-11-20 19:42:41,461] INFO [Broker id=1] Follower topic-0-0 starts at leader epoch 0 from offset 0 with high watermark 0. Previous leader epoch was -1. (state.change.logger)
[2022-11-20 19:42:41,464] INFO [Broker id=1] Stopped fetchers as part of become-follower request from controller 1 epoch 1 with correlation id 2 for 1 partitions (state.change.logger)
[2022-11-20 19:42:41,500] INFO [Broker id=2] Leader topic-0-0 starts at leader epoch 0 from offset 0 with high watermark 0 ISR [2,1] addingReplicas [] removingReplicas []. Previous leader epoch was -1. (state.change.logger)
[2022-11-20 19:42:41,502] INFO [Broker id=1] Finished LeaderAndIsr request in 151ms correlationId 2 from controller 1 for 1 partitions (state.change.logger)
[2022-11-20 19:42:41,512] INFO [Broker id=1] Add 1 partitions and deleted 0 partitions from metadata cache in response to UpdateMetadata request sent by controller 1 epoch 1 with correlation id 3 (state.change.logger)
[2022-11-20 19:42:41,601] INFO [Broker id=2] Finished LeaderAndIsr request in 247ms correlationId 1 from controller 1 for 1 partitions (state.change.logger)
[2022-11-20 19:42:41,615] INFO [Broker id=2] Add 1 partitions and deleted 0 partitions from metadata cache in response to UpdateMetadata request sent by controller 1 epoch 1 with correlation id 2 (state.change.logger)
[2022-11-20 19:42:44,352] INFO [Controller id=1 epoch=1] Changed partition __consumer_offsets-22 state from NonExistentPartition to NewPartition with assigned replicas 2 (state.change.logger)
[2022-11-20 19:42:44,352] INFO [Controller id=1 epoch=1] Changed partition __consumer_offsets-30 state from NonExistentPartition to NewPartition with assigned replicas 2 (state.change.logger)
[2022-11-20 19:42:44,352] INFO [Controller id=1 epoch=1] Changed partition __consumer_offsets-25 state from NonExistentPartition to NewPartition with assigned replicas 1 (state.change.logger)
[2022-11-20 19:42:44,352] INFO [Controller id=1 epoch=1] Changed partition __consumer_offsets-35 state from NonExistentPartition to NewPartition with assigned replicas 1 (state.change.logger)
[2022-11-20 19:42:44,352] INFO [Controller id=1 epoch=1] Changed partition __consumer_offsets-37 state from NonExistentPartition to NewPartition with assigned replicas 1 (state.change.logger)
[2022-11-20 19:42:44,352] INFO [Controller id=1 epoch=1] Changed partition __consumer_offsets-38 state from NonExistentPartition to NewPartition with assigned replicas 2 (state.change.logger)
[2022-11-20 19:42:44,352] INFO [Controller id=1 epoch=1] Changed partition __consumer_offsets-13 state from NonExistentPartition to NewPartition with assigned replicas 1 (state.change.logger)
[2022-11-20 19:42:44,352] INFO [Controller id=1 epoch=1] Changed partition __consumer_offsets-8 state from NonExistentPartition to NewPartition with assigned replicas 2 (state.change.logger)
[2022-11-20 19:42:44,352] INFO [Controller id=1 epoch=1] Changed partition __consumer_offsets-21 state from NonExistentPartition to NewPartition with assigned replicas 1 (state.change.logger)
[2022-11-20 19:42:44,353] INFO [Controller id=1 epoch=1] Changed partition __consumer_offsets-4 state from NonExistentPartition to NewPartition with assigned replicas 2 (state.change.logger)
[2022-11-20 19:42:44,353] INFO [Controller id=1 epoch=1] Changed partition __consumer_offsets-27 state from NonExistentPartition to NewPartition with assigned replicas 1 (state.change.logger)
[2022-11-20 19:42:44,353] INFO [Controller id=1 epoch=1] Changed partition __consumer_offsets-7 state from NonExistentPartition to NewPartition with assigned replicas 1 (state.change.logger)
[2022-11-20 19:42:44,353] INFO [Controller id=1 epoch=1] Changed partition __consumer_offsets-9 state from NonExistentPartition to NewPartition with assigned replicas 1 (state.change.logger)
[2022-11-20 19:42:44,353] INFO [Controller id=1 epoch=1] Changed partition __consumer_offsets-46 state from NonExistentPartition to NewPartition with assigned replicas 2 (state.change.logger)
[2022-11-20 19:42:44,353] INFO [Controller id=1 epoch=1] Changed partition __consumer_offsets-41 state from NonExistentPartition to NewPartition with assigned replicas 1 (state.change.logger)
[2022-11-20 19:42:44,353] INFO [Controller id=1 epoch=1] Changed partition __consumer_offsets-33 state from NonExistentPartition to NewPartition with assigned replicas 1 (state.change.logger)
[2022-11-20 19:42:44,353] INFO [Controller id=1 epoch=1] Changed partition __consumer_offsets-23 state from NonExistentPartition to NewPartition with assigned replicas 1 (state.change.logger)
[2022-11-20 19:42:44,353] INFO [Controller id=1 epoch=1] Changed partition __consumer_offsets-49 state from NonExistentPartition to NewPartition with assigned replicas 1 (state.change.logger)
[2022-11-20 19:42:44,353] INFO [Controller id=1 epoch=1] Changed partition __consumer_offsets-47 state from NonExistentPartition to NewPartition with assigned replicas 1 (state.change.logger)
[2022-11-20 19:42:44,353] INFO [Controller id=1 epoch=1] Changed partition __consumer_offsets-16 state from NonExistentPartition to NewPartition with assigned replicas 2 (state.change.logger)
[2022-11-20 19:42:44,354] INFO [Controller id=1 epoch=1] Changed partition __consumer_offsets-28 state from NonExistentPartition to NewPartition with assigned replicas 2 (state.change.logger)
[2022-11-20 19:42:44,354] INFO [Controller id=1 epoch=1] Changed partition __consumer_offsets-31 state from NonExistentPartition to NewPartition with assigned replicas 1 (state.change.logger)
[2022-11-20 19:42:44,354] INFO [Controller id=1 epoch=1] Changed partition __consumer_offsets-36 state from NonExistentPartition to NewPartition with assigned replicas 2 (state.change.logger)
[2022-11-20 19:42:44,355] INFO [Controller id=1 epoch=1] Changed partition __consumer_offsets-42 state from NonExistentPartition to NewPartition with assigned replicas 2 (state.change.logger)
[2022-11-20 19:42:44,355] INFO [Controller id=1 epoch=1] Changed partition __consumer_offsets-3 state from NonExistentPartition to NewPartition with assigned replicas 1 (state.change.logger)
[2022-11-20 19:42:44,355] INFO [Controller id=1 epoch=1] Changed partition __consumer_offsets-18 state from NonExistentPartition to NewPartition with assigned replicas 2 (state.change.logger)
[2022-11-20 19:42:44,355] INFO [Controller id=1 epoch=1] Changed partition __consumer_offsets-15 state from NonExistentPartition to NewPartition with assigned replicas 1 (state.change.logger)
[2022-11-20 19:42:44,355] INFO [Controller id=1 epoch=1] Changed partition __consumer_offsets-24 state from NonExistentPartition to NewPartition with assigned replicas 2 (state.change.logger)
[2022-11-20 19:42:44,355] INFO [Controller id=1 epoch=1] Changed partition __consumer_offsets-17 state from NonExistentPartition to NewPartition with assigned replicas 1 (state.change.logger)
[2022-11-20 19:42:44,355] INFO [Controller id=1 epoch=1] Changed partition __consumer_offsets-48 state from NonExistentPartition to NewPartition with assigned replicas 2 (state.change.logger)
[2022-11-20 19:42:44,355] INFO [Controller id=1 epoch=1] Changed partition __consumer_offsets-19 state from NonExistentPartition to NewPartition with assigned replicas 1 (state.change.logger)
[2022-11-20 19:42:44,355] INFO [Controller id=1 epoch=1] Changed partition __consumer_offsets-11 state from NonExistentPartition to NewPartition with assigned replicas 1 (state.change.logger)
[2022-11-20 19:42:44,355] INFO [Controller id=1 epoch=1] Changed partition __consumer_offsets-2 state from NonExistentPartition to NewPartition with assigned replicas 2 (state.change.logger)
[2022-11-20 19:42:44,355] INFO [Controller id=1 epoch=1] Changed partition __consumer_offsets-43 state from NonExistentPartition to NewPartition with assigned replicas 1 (state.change.logger)
[2022-11-20 19:42:44,356] INFO [Controller id=1 epoch=1] Changed partition __consumer_offsets-6 state from NonExistentPartition to NewPartition with assigned replicas 2 (state.change.logger)
[2022-11-20 19:42:44,356] INFO [Controller id=1 epoch=1] Changed partition __consumer_offsets-14 state from NonExistentPartition to NewPartition with assigned replicas 2 (state.change.logger)
[2022-11-20 19:42:44,356] INFO [Controller id=1 epoch=1] Changed partition __consumer_offsets-20 state from NonExistentPartition to NewPartition with assigned replicas 2 (state.change.logger)
[2022-11-20 19:42:44,356] INFO [Controller id=1 epoch=1] Changed partition __consumer_offsets-0 state from NonExistentPartition to NewPartition with assigned replicas 2 (state.change.logger)
[2022-11-20 19:42:44,356] INFO [Controller id=1 epoch=1] Changed partition __consumer_offsets-44 state from NonExistentPartition to NewPartition with assigned replicas 2 (state.change.logger)
[2022-11-20 19:42:44,356] INFO [Controller id=1 epoch=1] Changed partition __consumer_offsets-39 state from NonExistentPartition to NewPartition with assigned replicas 1 (state.change.logger)
[2022-11-20 19:42:44,356] INFO [Controller id=1 epoch=1] Changed partition __consumer_offsets-12 state from NonExistentPartition to NewPartition with assigned replicas 2 (state.change.logger)
[2022-11-20 19:42:44,356] INFO [Controller id=1 epoch=1] Changed partition __consumer_offsets-45 state from NonExistentPartition to NewPartition with assigned replicas 1 (state.change.logger)
[2022-11-20 19:42:44,356] INFO [Controller id=1 epoch=1] Changed partition __consumer_offsets-1 state from NonExistentPartition to NewPartition with assigned replicas 1 (state.change.logger)
[2022-11-20 19:42:44,356] INFO [Controller id=1 epoch=1] Changed partition __consumer_offsets-5 state from NonExistentPartition to NewPartition with assigned replicas 1 (state.change.logger)
[2022-11-20 19:42:44,356] INFO [Controller id=1 epoch=1] Changed partition __consumer_offsets-26 state from NonExistentPartition to NewPartition with assigned replicas 2 (state.change.logger)
[2022-11-20 19:42:44,356] INFO [Controller id=1 epoch=1] Changed partition __consumer_offsets-29 state from NonExistentPartition to NewPartition with assigned replicas 1 (state.change.logger)
[2022-11-20 19:42:44,361] INFO [Controller id=1 epoch=1] Changed partition __consumer_offsets-34 state from NonExistentPartition to NewPartition with assigned replicas 2 (state.change.logger)
[2022-11-20 19:42:44,361] INFO [Controller id=1 epoch=1] Changed partition __consumer_offsets-10 state from NonExistentPartition to NewPartition with assigned replicas 2 (state.change.logger)
[2022-11-20 19:42:44,361] INFO [Controller id=1 epoch=1] Changed partition __consumer_offsets-32 state from NonExistentPartition to NewPartition with assigned replicas 2 (state.change.logger)
[2022-11-20 19:42:44,361] INFO [Controller id=1 epoch=1] Changed partition __consumer_offsets-40 state from NonExistentPartition to NewPartition with assigned replicas 2 (state.change.logger)
[2022-11-20 19:42:44,361] INFO [Controller id=1 epoch=1] Sending UpdateMetadata request to brokers HashSet() for 0 partitions (state.change.logger)
[2022-11-20 19:42:44,365] INFO [Controller id=1 epoch=1] Sending UpdateMetadata request to brokers HashSet() for 0 partitions (state.change.logger)
[2022-11-20 19:42:45,205] INFO [Controller id=1 epoch=1] Changed partition __consumer_offsets-22 from NewPartition to OnlinePartition with state LeaderAndIsr(leader=2, leaderEpoch=0, isr=List(2), zkVersion=0) (state.change.logger)
[2022-11-20 19:42:45,205] INFO [Controller id=1 epoch=1] Changed partition __consumer_offsets-30 from NewPartition to OnlinePartition with state LeaderAndIsr(leader=2, leaderEpoch=0, isr=List(2), zkVersion=0) (state.change.logger)
[2022-11-20 19:42:45,205] INFO [Controller id=1 epoch=1] Changed partition __consumer_offsets-25 from NewPartition to OnlinePartition with state LeaderAndIsr(leader=1, leaderEpoch=0, isr=List(1), zkVersion=0) (state.change.logger)
[2022-11-20 19:42:45,205] INFO [Controller id=1 epoch=1] Changed partition __consumer_offsets-35 from NewPartition to OnlinePartition with state LeaderAndIsr(leader=1, leaderEpoch=0, isr=List(1), zkVersion=0) (state.change.logger)
[2022-11-20 19:42:45,205] INFO [Controller id=1 epoch=1] Changed partition __consumer_offsets-37 from NewPartition to OnlinePartition with state LeaderAndIsr(leader=1, leaderEpoch=0, isr=List(1), zkVersion=0) (state.change.logger)
[2022-11-20 19:42:45,206] INFO [Controller id=1 epoch=1] Changed partition __consumer_offsets-38 from NewPartition to OnlinePartition with state LeaderAndIsr(leader=2, leaderEpoch=0, isr=List(2), zkVersion=0) (state.change.logger)
[2022-11-20 19:42:45,206] INFO [Controller id=1 epoch=1] Changed partition __consumer_offsets-13 from NewPartition to OnlinePartition with state LeaderAndIsr(leader=1, leaderEpoch=0, isr=List(1), zkVersion=0) (state.change.logger)
[2022-11-20 19:42:45,206] INFO [Controller id=1 epoch=1] Changed partition __consumer_offsets-8 from NewPartition to OnlinePartition with state LeaderAndIsr(leader=2, leaderEpoch=0, isr=List(2), zkVersion=0) (state.change.logger)
[2022-11-20 19:42:45,206] INFO [Controller id=1 epoch=1] Changed partition __consumer_offsets-21 from NewPartition to OnlinePartition with state LeaderAndIsr(leader=1, leaderEpoch=0, isr=List(1), zkVersion=0) (state.change.logger)
[2022-11-20 19:42:45,206] INFO [Controller id=1 epoch=1] Changed partition __consumer_offsets-4 from NewPartition to OnlinePartition with state LeaderAndIsr(leader=2, leaderEpoch=0, isr=List(2), zkVersion=0) (state.change.logger)
[2022-11-20 19:42:45,206] INFO [Controller id=1 epoch=1] Changed partition __consumer_offsets-27 from NewPartition to OnlinePartition with state LeaderAndIsr(leader=1, leaderEpoch=0, isr=List(1), zkVersion=0) (state.change.logger)
[2022-11-20 19:42:45,206] INFO [Controller id=1 epoch=1] Changed partition __consumer_offsets-7 from NewPartition to OnlinePartition with state LeaderAndIsr(leader=1, leaderEpoch=0, isr=List(1), zkVersion=0) (state.change.logger)
[2022-11-20 19:42:45,206] INFO [Controller id=1 epoch=1] Changed partition __consumer_offsets-9 from NewPartition to OnlinePartition with state LeaderAndIsr(leader=1, leaderEpoch=0, isr=List(1), zkVersion=0) (state.change.logger)
[2022-11-20 19:42:45,206] INFO [Controller id=1 epoch=1] Changed partition __consumer_offsets-46 from NewPartition to OnlinePartition with state LeaderAndIsr(leader=2, leaderEpoch=0, isr=List(2), zkVersion=0) (state.change.logger)
[2022-11-20 19:42:45,206] INFO [Controller id=1 epoch=1] Changed partition __consumer_offsets-41 from NewPartition to OnlinePartition with state LeaderAndIsr(leader=1, leaderEpoch=0, isr=List(1), zkVersion=0) (state.change.logger)
[2022-11-20 19:42:45,206] INFO [Controller id=1 epoch=1] Changed partition __consumer_offsets-33 from NewPartition to OnlinePartition with state LeaderAndIsr(leader=1, leaderEpoch=0, isr=List(1), zkVersion=0) (state.change.logger)
[2022-11-20 19:42:45,206] INFO [Controller id=1 epoch=1] Changed partition __consumer_offsets-23 from NewPartition to OnlinePartition with state LeaderAndIsr(leader=1, leaderEpoch=0, isr=List(1), zkVersion=0) (state.change.logger)
[2022-11-20 19:42:45,206] INFO [Controller id=1 epoch=1] Changed partition __consumer_offsets-49 from NewPartition to OnlinePartition with state LeaderAndIsr(leader=1, leaderEpoch=0, isr=List(1), zkVersion=0) (state.change.logger)
[2022-11-20 19:42:45,206] INFO [Controller id=1 epoch=1] Changed partition __consumer_offsets-47 from NewPartition to OnlinePartition with state LeaderAndIsr(leader=1, leaderEpoch=0, isr=List(1), zkVersion=0) (state.change.logger)
[2022-11-20 19:42:45,206] INFO [Controller id=1 epoch=1] Changed partition __consumer_offsets-16 from NewPartition to OnlinePartition with state LeaderAndIsr(leader=2, leaderEpoch=0, isr=List(2), zkVersion=0) (state.change.logger)
[2022-11-20 19:42:45,206] INFO [Controller id=1 epoch=1] Changed partition __consumer_offsets-28 from NewPartition to OnlinePartition with state LeaderAndIsr(leader=2, leaderEpoch=0, isr=List(2), zkVersion=0) (state.change.logger)
[2022-11-20 19:42:45,206] INFO [Controller id=1 epoch=1] Changed partition __consumer_offsets-31 from NewPartition to OnlinePartition with state LeaderAndIsr(leader=1, leaderEpoch=0, isr=List(1), zkVersion=0) (state.change.logger)
[2022-11-20 19:42:45,208] INFO [Controller id=1 epoch=1] Changed partition __consumer_offsets-36 from NewPartition to OnlinePartition with state LeaderAndIsr(leader=2, leaderEpoch=0, isr=List(2), zkVersion=0) (state.change.logger)
[2022-11-20 19:42:45,208] INFO [Controller id=1 epoch=1] Changed partition __consumer_offsets-42 from NewPartition to OnlinePartition with state LeaderAndIsr(leader=2, leaderEpoch=0, isr=List(2), zkVersion=0) (state.change.logger)
[2022-11-20 19:42:45,208] INFO [Controller id=1 epoch=1] Changed partition __consumer_offsets-3 from NewPartition to OnlinePartition with state LeaderAndIsr(leader=1, leaderEpoch=0, isr=List(1), zkVersion=0) (state.change.logger)
[2022-11-20 19:42:45,215] INFO [Controller id=1 epoch=1] Changed partition __consumer_offsets-18 from NewPartition to OnlinePartition with state LeaderAndIsr(leader=2, leaderEpoch=0, isr=List(2), zkVersion=0) (state.change.logger)
[2022-11-20 19:42:45,215] INFO [Controller id=1 epoch=1] Changed partition __consumer_offsets-15 from NewPartition to OnlinePartition with state LeaderAndIsr(leader=1, leaderEpoch=0, isr=List(1), zkVersion=0) (state.change.logger)
[2022-11-20 19:42:45,215] INFO [Controller id=1 epoch=1] Changed partition __consumer_offsets-24 from NewPartition to OnlinePartition with state LeaderAndIsr(leader=2, leaderEpoch=0, isr=List(2), zkVersion=0) (state.change.logger)
[2022-11-20 19:42:45,215] INFO [Controller id=1 epoch=1] Changed partition __consumer_offsets-17 from NewPartition to OnlinePartition with state LeaderAndIsr(leader=1, leaderEpoch=0, isr=List(1), zkVersion=0) (state.change.logger)
[2022-11-20 19:42:45,215] INFO [Controller id=1 epoch=1] Changed partition __consumer_offsets-48 from NewPartition to OnlinePartition with state LeaderAndIsr(leader=2, leaderEpoch=0, isr=List(2), zkVersion=0) (state.change.logger)
[2022-11-20 19:42:45,215] INFO [Controller id=1 epoch=1] Changed partition __consumer_offsets-19 from NewPartition to OnlinePartition with state LeaderAndIsr(leader=1, leaderEpoch=0, isr=List(1), zkVersion=0) (state.change.logger)
[2022-11-20 19:42:45,215] INFO [Controller id=1 epoch=1] Changed partition __consumer_offsets-11 from NewPartition to OnlinePartition with state LeaderAndIsr(leader=1, leaderEpoch=0, isr=List(1), zkVersion=0) (state.change.logger)
[2022-11-20 19:42:45,215] INFO [Controller id=1 epoch=1] Changed partition __consumer_offsets-2 from NewPartition to OnlinePartition with state LeaderAndIsr(leader=2, leaderEpoch=0, isr=List(2), zkVersion=0) (state.change.logger)
[2022-11-20 19:42:45,215] INFO [Controller id=1 epoch=1] Changed partition __consumer_offsets-43 from NewPartition to OnlinePartition with state LeaderAndIsr(leader=1, leaderEpoch=0, isr=List(1), zkVersion=0) (state.change.logger)
[2022-11-20 19:42:45,215] INFO [Controller id=1 epoch=1] Changed partition __consumer_offsets-6 from NewPartition to OnlinePartition with state LeaderAndIsr(leader=2, leaderEpoch=0, isr=List(2), zkVersion=0) (state.change.logger)
[2022-11-20 19:42:45,215] INFO [Controller id=1 epoch=1] Changed partition __consumer_offsets-14 from NewPartition to OnlinePartition with state LeaderAndIsr(leader=2, leaderEpoch=0, isr=List(2), zkVersion=0) (state.change.logger)
[2022-11-20 19:42:45,215] INFO [Controller id=1 epoch=1] Changed partition __consumer_offsets-20 from NewPartition to OnlinePartition with state LeaderAndIsr(leader=2, leaderEpoch=0, isr=List(2), zkVersion=0) (state.change.logger)
[2022-11-20 19:42:45,215] INFO [Controller id=1 epoch=1] Changed partition __consumer_offsets-0 from NewPartition to OnlinePartition with state LeaderAndIsr(leader=2, leaderEpoch=0, isr=List(2), zkVersion=0) (state.change.logger)
[2022-11-20 19:42:45,215] INFO [Controller id=1 epoch=1] Changed partition __consumer_offsets-44 from NewPartition to OnlinePartition with state LeaderAndIsr(leader=2, leaderEpoch=0, isr=List(2), zkVersion=0) (state.change.logger)
[2022-11-20 19:42:45,215] INFO [Controller id=1 epoch=1] Changed partition __consumer_offsets-39 from NewPartition to OnlinePartition with state LeaderAndIsr(leader=1, leaderEpoch=0, isr=List(1), zkVersion=0) (state.change.logger)
[2022-11-20 19:42:45,215] INFO [Controller id=1 epoch=1] Changed partition __consumer_offsets-12 from NewPartition to OnlinePartition with state LeaderAndIsr(leader=2, leaderEpoch=0, isr=List(2), zkVersion=0) (state.change.logger)
[2022-11-20 19:42:45,216] INFO [Controller id=1 epoch=1] Changed partition __consumer_offsets-45 from NewPartition to OnlinePartition with state LeaderAndIsr(leader=1, leaderEpoch=0, isr=List(1), zkVersion=0) (state.change.logger)
[2022-11-20 19:42:45,216] INFO [Controller id=1 epoch=1] Changed partition __consumer_offsets-1 from NewPartition to OnlinePartition with state LeaderAndIsr(leader=1, leaderEpoch=0, isr=List(1), zkVersion=0) (state.change.logger)
[2022-11-20 19:42:45,216] INFO [Controller id=1 epoch=1] Changed partition __consumer_offsets-5 from NewPartition to OnlinePartition with state LeaderAndIsr(leader=1, leaderEpoch=0, isr=List(1), zkVersion=0) (state.change.logger)
[2022-11-20 19:42:45,216] INFO [Controller id=1 epoch=1] Changed partition __consumer_offsets-26 from NewPartition to OnlinePartition with state LeaderAndIsr(leader=2, leaderEpoch=0, isr=List(2), zkVersion=0) (state.change.logger)
[2022-11-20 19:42:45,216] INFO [Controller id=1 epoch=1] Changed partition __consumer_offsets-29 from NewPartition to OnlinePartition with state LeaderAndIsr(leader=1, leaderEpoch=0, isr=List(1), zkVersion=0) (state.change.logger)
[2022-11-20 19:42:45,216] INFO [Controller id=1 epoch=1] Changed partition __consumer_offsets-34 from NewPartition to OnlinePartition with state LeaderAndIsr(leader=2, leaderEpoch=0, isr=List(2), zkVersion=0) (state.change.logger)
[2022-11-20 19:42:45,216] INFO [Controller id=1 epoch=1] Changed partition __consumer_offsets-10 from NewPartition to OnlinePartition with state LeaderAndIsr(leader=2, leaderEpoch=0, isr=List(2), zkVersion=0) (state.change.logger)
[2022-11-20 19:42:45,216] INFO [Controller id=1 epoch=1] Changed partition __consumer_offsets-32 from NewPartition to OnlinePartition with state LeaderAndIsr(leader=2, leaderEpoch=0, isr=List(2), zkVersion=0) (state.change.logger)
[2022-11-20 19:42:45,216] INFO [Controller id=1 epoch=1] Changed partition __consumer_offsets-40 from NewPartition to OnlinePartition with state LeaderAndIsr(leader=2, leaderEpoch=0, isr=List(2), zkVersion=0) (state.change.logger)
[2022-11-20 19:42:45,216] INFO [Controller id=1 epoch=1] Sending LeaderAndIsr request to broker 1 with 25 become-leader and 0 become-follower partitions (state.change.logger)
[2022-11-20 19:42:45,217] INFO [Controller id=1 epoch=1] Sending LeaderAndIsr request to broker 2 with 25 become-leader and 0 become-follower partitions (state.change.logger)
[2022-11-20 19:42:45,218] INFO [Controller id=1 epoch=1] Sending UpdateMetadata request to brokers HashSet(1, 2) for 50 partitions (state.change.logger)
[2022-11-20 19:42:45,218] INFO [Broker id=1] Handling LeaderAndIsr request correlationId 4 from controller 1 for 25 partitions (state.change.logger)
[2022-11-20 19:42:45,220] INFO [Broker id=2] Handling LeaderAndIsr request correlationId 3 from controller 1 for 25 partitions (state.change.logger)
[2022-11-20 19:42:45,232] INFO [Controller id=1 epoch=1] Sending UpdateMetadata request to brokers HashSet() for 0 partitions (state.change.logger)
[2022-11-20 19:42:45,260] INFO [Broker id=1] Stopped fetchers as part of LeaderAndIsr request correlationId 4 from controller 1 epoch 1 as part of the become-leader transition for 25 partitions (state.change.logger)
[2022-11-20 19:42:45,266] INFO [Broker id=2] Stopped fetchers as part of LeaderAndIsr request correlationId 3 from controller 1 epoch 1 as part of the become-leader transition for 25 partitions (state.change.logger)
[2022-11-20 19:42:45,277] INFO [Broker id=1] Leader __consumer_offsets-3 starts at leader epoch 0 from offset 0 with high watermark 0 ISR [1] addingReplicas [] removingReplicas []. Previous leader epoch was -1. (state.change.logger)
[2022-11-20 19:42:45,282] INFO [Broker id=2] Leader __consumer_offsets-18 starts at leader epoch 0 from offset 0 with high watermark 0 ISR [2] addingReplicas [] removingReplicas []. Previous leader epoch was -1. (state.change.logger)
[2022-11-20 19:42:45,320] INFO [Broker id=1] Leader __consumer_offsets-37 starts at leader epoch 0 from offset 0 with high watermark 0 ISR [1] addingReplicas [] removingReplicas []. Previous leader epoch was -1. (state.change.logger)
[2022-11-20 19:42:45,354] INFO [Broker id=2] Leader __consumer_offsets-22 starts at leader epoch 0 from offset 0 with high watermark 0 ISR [2] addingReplicas [] removingReplicas []. Previous leader epoch was -1. (state.change.logger)
[2022-11-20 19:42:45,382] INFO [Broker id=1] Leader __consumer_offsets-7 starts at leader epoch 0 from offset 0 with high watermark 0 ISR [1] addingReplicas [] removingReplicas []. Previous leader epoch was -1. (state.change.logger)
[2022-11-20 19:42:45,416] INFO [Broker id=2] Leader __consumer_offsets-10 starts at leader epoch 0 from offset 0 with high watermark 0 ISR [2] addingReplicas [] removingReplicas []. Previous leader epoch was -1. (state.change.logger)
[2022-11-20 19:42:45,449] INFO [Broker id=1] Leader __consumer_offsets-41 starts at leader epoch 0 from offset 0 with high watermark 0 ISR [1] addingReplicas [] removingReplicas []. Previous leader epoch was -1. (state.change.logger)
[2022-11-20 19:42:45,491] INFO [Broker id=2] Leader __consumer_offsets-44 starts at leader epoch 0 from offset 0 with high watermark 0 ISR [2] addingReplicas [] removingReplicas []. Previous leader epoch was -1. (state.change.logger)
[2022-11-20 19:42:45,526] INFO [Broker id=1] Leader __consumer_offsets-29 starts at leader epoch 0 from offset 0 with high watermark 0 ISR [1] addingReplicas [] removingReplicas []. Previous leader epoch was -1. (state.change.logger)
[2022-11-20 19:42:45,574] INFO [Broker id=2] Leader __consumer_offsets-14 starts at leader epoch 0 from offset 0 with high watermark 0 ISR [2] addingReplicas [] removingReplicas []. Previous leader epoch was -1. (state.change.logger)
[2022-11-20 19:42:45,604] INFO [Broker id=1] Leader __consumer_offsets-33 starts at leader epoch 0 from offset 0 with high watermark 0 ISR [1] addingReplicas [] removingReplicas []. Previous leader epoch was -1. (state.change.logger)
[2022-11-20 19:42:45,638] INFO [Broker id=2] Leader __consumer_offsets-48 starts at leader epoch 0 from offset 0 with high watermark 0 ISR [2] addingReplicas [] removingReplicas []. Previous leader epoch was -1. (state.change.logger)
[2022-11-20 19:42:45,678] INFO [Broker id=1] Leader __consumer_offsets-19 starts at leader epoch 0 from offset 0 with high watermark 0 ISR [1] addingReplicas [] removingReplicas []. Previous leader epoch was -1. (state.change.logger)
[2022-11-20 19:42:45,742] INFO [Broker id=2] Leader __consumer_offsets-34 starts at leader epoch 0 from offset 0 with high watermark 0 ISR [2] addingReplicas [] removingReplicas []. Previous leader epoch was -1. (state.change.logger)
[2022-11-20 19:42:45,767] INFO [Broker id=1] Leader __consumer_offsets-23 starts at leader epoch 0 from offset 0 with high watermark 0 ISR [1] addingReplicas [] removingReplicas []. Previous leader epoch was -1. (state.change.logger)
[2022-11-20 19:42:45,801] INFO [Broker id=2] Leader __consumer_offsets-4 starts at leader epoch 0 from offset 0 with high watermark 0 ISR [2] addingReplicas [] removingReplicas []. Previous leader epoch was -1. (state.change.logger)
[2022-11-20 19:42:45,828] INFO [Broker id=1] Leader __consumer_offsets-11 starts at leader epoch 0 from offset 0 with high watermark 0 ISR [1] addingReplicas [] removingReplicas []. Previous leader epoch was -1. (state.change.logger)
[2022-11-20 19:42:45,861] INFO [Broker id=2] Leader __consumer_offsets-38 starts at leader epoch 0 from offset 0 with high watermark 0 ISR [2] addingReplicas [] removingReplicas []. Previous leader epoch was -1. (state.change.logger)
[2022-11-20 19:42:45,888] INFO [Broker id=1] Leader __consumer_offsets-45 starts at leader epoch 0 from offset 0 with high watermark 0 ISR [1] addingReplicas [] removingReplicas []. Previous leader epoch was -1. (state.change.logger)
[2022-11-20 19:42:45,923] INFO [Broker id=2] Leader __consumer_offsets-8 starts at leader epoch 0 from offset 0 with high watermark 0 ISR [2] addingReplicas [] removingReplicas []. Previous leader epoch was -1. (state.change.logger)
[2022-11-20 19:42:45,948] INFO [Broker id=1] Leader __consumer_offsets-15 starts at leader epoch 0 from offset 0 with high watermark 0 ISR [1] addingReplicas [] removingReplicas []. Previous leader epoch was -1. (state.change.logger)
[2022-11-20 19:42:45,984] INFO [Broker id=2] Leader __consumer_offsets-26 starts at leader epoch 0 from offset 0 with high watermark 0 ISR [2] addingReplicas [] removingReplicas []. Previous leader epoch was -1. (state.change.logger)
[2022-11-20 19:42:46,009] INFO [Broker id=1] Leader __consumer_offsets-49 starts at leader epoch 0 from offset 0 with high watermark 0 ISR [1] addingReplicas [] removingReplicas []. Previous leader epoch was -1. (state.change.logger)
[2022-11-20 19:42:46,044] INFO [Broker id=2] Leader __consumer_offsets-30 starts at leader epoch 0 from offset 0 with high watermark 0 ISR [2] addingReplicas [] removingReplicas []. Previous leader epoch was -1. (state.change.logger)
[2022-11-20 19:42:46,069] INFO [Broker id=1] Leader __consumer_offsets-35 starts at leader epoch 0 from offset 0 with high watermark 0 ISR [1] addingReplicas [] removingReplicas []. Previous leader epoch was -1. (state.change.logger)
[2022-11-20 19:42:46,104] INFO [Broker id=2] Leader __consumer_offsets-0 starts at leader epoch 0 from offset 0 with high watermark 0 ISR [2] addingReplicas [] removingReplicas []. Previous leader epoch was -1. (state.change.logger)
[2022-11-20 19:42:46,130] INFO [Broker id=1] Leader __consumer_offsets-5 starts at leader epoch 0 from offset 0 with high watermark 0 ISR [1] addingReplicas [] removingReplicas []. Previous leader epoch was -1. (state.change.logger)
[2022-11-20 19:42:46,164] INFO [Broker id=2] Leader __consumer_offsets-20 starts at leader epoch 0 from offset 0 with high watermark 0 ISR [2] addingReplicas [] removingReplicas []. Previous leader epoch was -1. (state.change.logger)
[2022-11-20 19:42:46,190] INFO [Broker id=1] Leader __consumer_offsets-39 starts at leader epoch 0 from offset 0 with high watermark 0 ISR [1] addingReplicas [] removingReplicas []. Previous leader epoch was -1. (state.change.logger)
[2022-11-20 19:42:46,233] INFO [Broker id=2] Leader __consumer_offsets-24 starts at leader epoch 0 from offset 0 with high watermark 0 ISR [2] addingReplicas [] removingReplicas []. Previous leader epoch was -1. (state.change.logger)
[2022-11-20 19:42:46,259] INFO [Broker id=1] Leader __consumer_offsets-9 starts at leader epoch 0 from offset 0 with high watermark 0 ISR [1] addingReplicas [] removingReplicas []. Previous leader epoch was -1. (state.change.logger)
[2022-11-20 19:42:46,303] INFO [Broker id=2] Leader __consumer_offsets-42 starts at leader epoch 0 from offset 0 with high watermark 0 ISR [2] addingReplicas [] removingReplicas []. Previous leader epoch was -1. (state.change.logger)
[2022-11-20 19:42:46,322] INFO [Broker id=1] Leader __consumer_offsets-27 starts at leader epoch 0 from offset 0 with high watermark 0 ISR [1] addingReplicas [] removingReplicas []. Previous leader epoch was -1. (state.change.logger)
[2022-11-20 19:42:46,352] INFO [Broker id=2] Leader __consumer_offsets-12 starts at leader epoch 0 from offset 0 with high watermark 0 ISR [2] addingReplicas [] removingReplicas []. Previous leader epoch was -1. (state.change.logger)
[2022-11-20 19:42:46,373] INFO [Broker id=1] Leader __consumer_offsets-31 starts at leader epoch 0 from offset 0 with high watermark 0 ISR [1] addingReplicas [] removingReplicas []. Previous leader epoch was -1. (state.change.logger)
[2022-11-20 19:42:46,402] INFO [Broker id=2] Leader __consumer_offsets-46 starts at leader epoch 0 from offset 0 with high watermark 0 ISR [2] addingReplicas [] removingReplicas []. Previous leader epoch was -1. (state.change.logger)
[2022-11-20 19:42:46,423] INFO [Broker id=1] Leader __consumer_offsets-1 starts at leader epoch 0 from offset 0 with high watermark 0 ISR [1] addingReplicas [] removingReplicas []. Previous leader epoch was -1. (state.change.logger)
[2022-11-20 19:42:46,451] INFO [Broker id=2] Leader __consumer_offsets-16 starts at leader epoch 0 from offset 0 with high watermark 0 ISR [2] addingReplicas [] removingReplicas []. Previous leader epoch was -1. (state.change.logger)
[2022-11-20 19:42:46,472] INFO [Broker id=1] Leader __consumer_offsets-21 starts at leader epoch 0 from offset 0 with high watermark 0 ISR [1] addingReplicas [] removingReplicas []. Previous leader epoch was -1. (state.change.logger)
[2022-11-20 19:42:46,501] INFO [Broker id=2] Leader __consumer_offsets-2 starts at leader epoch 0 from offset 0 with high watermark 0 ISR [2] addingReplicas [] removingReplicas []. Previous leader epoch was -1. (state.change.logger)
[2022-11-20 19:42:46,522] INFO [Broker id=1] Leader __consumer_offsets-25 starts at leader epoch 0 from offset 0 with high watermark 0 ISR [1] addingReplicas [] removingReplicas []. Previous leader epoch was -1. (state.change.logger)
[2022-11-20 19:42:46,550] INFO [Broker id=2] Leader __consumer_offsets-36 starts at leader epoch 0 from offset 0 with high watermark 0 ISR [2] addingReplicas [] removingReplicas []. Previous leader epoch was -1. (state.change.logger)
[2022-11-20 19:42:46,572] INFO [Broker id=1] Leader __consumer_offsets-43 starts at leader epoch 0 from offset 0 with high watermark 0 ISR [1] addingReplicas [] removingReplicas []. Previous leader epoch was -1. (state.change.logger)
[2022-11-20 19:42:46,600] INFO [Broker id=2] Leader __consumer_offsets-6 starts at leader epoch 0 from offset 0 with high watermark 0 ISR [2] addingReplicas [] removingReplicas []. Previous leader epoch was -1. (state.change.logger)
[2022-11-20 19:42:46,622] INFO [Broker id=1] Leader __consumer_offsets-13 starts at leader epoch 0 from offset 0 with high watermark 0 ISR [1] addingReplicas [] removingReplicas []. Previous leader epoch was -1. (state.change.logger)
[2022-11-20 19:42:46,651] INFO [Broker id=2] Leader __consumer_offsets-40 starts at leader epoch 0 from offset 0 with high watermark 0 ISR [2] addingReplicas [] removingReplicas []. Previous leader epoch was -1. (state.change.logger)
[2022-11-20 19:42:46,671] INFO [Broker id=1] Leader __consumer_offsets-47 starts at leader epoch 0 from offset 0 with high watermark 0 ISR [1] addingReplicas [] removingReplicas []. Previous leader epoch was -1. (state.change.logger)
[2022-11-20 19:42:46,700] INFO [Broker id=2] Leader __consumer_offsets-28 starts at leader epoch 0 from offset 0 with high watermark 0 ISR [2] addingReplicas [] removingReplicas []. Previous leader epoch was -1. (state.change.logger)
[2022-11-20 19:42:46,719] INFO [Broker id=1] Leader __consumer_offsets-17 starts at leader epoch 0 from offset 0 with high watermark 0 ISR [1] addingReplicas [] removingReplicas []. Previous leader epoch was -1. (state.change.logger)
[2022-11-20 19:42:46,749] INFO [Broker id=2] Leader __consumer_offsets-32 starts at leader epoch 0 from offset 0 with high watermark 0 ISR [2] addingReplicas [] removingReplicas []. Previous leader epoch was -1. (state.change.logger)
[2022-11-20 19:42:46,775] INFO [Broker id=1] Finished LeaderAndIsr request in 1557ms correlationId 4 from controller 1 for 25 partitions (state.change.logger)
[2022-11-20 19:42:46,778] INFO [Broker id=1] Add 50 partitions and deleted 0 partitions from metadata cache in response to UpdateMetadata request sent by controller 1 epoch 1 with correlation id 5 (state.change.logger)
[2022-11-20 19:42:46,799] INFO [Broker id=2] Finished LeaderAndIsr request in 1579ms correlationId 3 from controller 1 for 25 partitions (state.change.logger)
[2022-11-20 19:42:46,806] INFO [Broker id=2] Add 50 partitions and deleted 0 partitions from metadata cache in response to UpdateMetadata request sent by controller 1 epoch 1 with correlation id 4 (state.change.logger)
[2022-11-20 19:45:27,970] INFO [Controller id=1 epoch=1] Sending UpdateMetadata request to brokers HashSet(1, 2) for 1 partitions (state.change.logger)
[2022-11-20 19:45:27,971] INFO [Broker id=1] Add 1 partitions and deleted 0 partitions from metadata cache in response to UpdateMetadata request sent by controller 1 epoch 1 with correlation id 6 (state.change.logger)
[2022-11-20 19:45:27,974] INFO [Broker id=2] Add 1 partitions and deleted 0 partitions from metadata cache in response to UpdateMetadata request sent by controller 1 epoch 1 with correlation id 5 (state.change.logger)
[2022-11-20 19:45:27,975] INFO [Controller id=1 epoch=1] Sending UpdateMetadata request to brokers HashSet(1, 2) for 1 partitions (state.change.logger)
[2022-11-20 19:45:27,975] INFO [Broker id=1] Add 1 partitions and deleted 0 partitions from metadata cache in response to UpdateMetadata request sent by controller 1 epoch 1 with correlation id 7 (state.change.logger)
[2022-11-20 19:45:27,979] INFO [Broker id=2] Add 1 partitions and deleted 0 partitions from metadata cache in response to UpdateMetadata request sent by controller 1 epoch 1 with correlation id 6 (state.change.logger)
[2022-11-20 19:45:28,492] INFO [Controller id=1 epoch=1] Sending UpdateMetadata request to brokers HashSet(1, 2) for 1 partitions (state.change.logger)
[2022-11-20 19:45:28,493] INFO [Broker id=1] Add 1 partitions and deleted 0 partitions from metadata cache in response to UpdateMetadata request sent by controller 1 epoch 1 with correlation id 8 (state.change.logger)
[2022-11-20 19:45:28,495] INFO [Broker id=2] Add 1 partitions and deleted 0 partitions from metadata cache in response to UpdateMetadata request sent by controller 1 epoch 1 with correlation id 7 (state.change.logger)
